{"/Users/mattburgoyne/Desktop/Projects/final-project-websocket-livechat/spec/run.js":{"path":"/Users/mattburgoyne/Desktop/Projects/final-project-websocket-livechat/spec/run.js","statementMap":{"0":{"start":{"line":3,"column":15},"end":{"line":3,"column":33}},"1":{"start":{"line":5,"column":16},"end":{"line":5,"column":48}},"2":{"start":{"line":7,"column":39},"end":{"line":7,"column":93}},"3":{"start":{"line":9,"column":14},"end":{"line":9,"column":37}},"4":{"start":{"line":10,"column":0},"end":{"line":10,"column":52}},"5":{"start":{"line":11,"column":0},"end":{"line":11,"column":18}}},"fnMap":{"0":{"name":"_interopRequireDefault","decl":{"start":{"line":7,"column":9},"end":{"line":7,"column":31}},"loc":{"start":{"line":7,"column":37},"end":{"line":7,"column":95}},"line":7}},"branchMap":{"0":{"loc":{"start":{"line":7,"column":46},"end":{"line":7,"column":92}},"type":"cond-expr","locations":[{"start":{"line":7,"column":70},"end":{"line":7,"column":73}},{"start":{"line":7,"column":76},"end":{"line":7,"column":92}}],"line":7},"1":{"loc":{"start":{"line":7,"column":46},"end":{"line":7,"column":67}},"type":"binary-expr","locations":[{"start":{"line":7,"column":46},"end":{"line":7,"column":49}},{"start":{"line":7,"column":53},"end":{"line":7,"column":67}}],"line":7}},"s":{"0":1,"1":1,"2":1,"3":1,"4":1,"5":1},"f":{"0":1},"b":{"0":[0,1],"1":[1,1]},"_coverageSchema":"d34fc3e6b8297bcde183f5492bcb8fcb36775295","hash":"1be60c2fc0cf85783ac495518e79271554161d02","contentHash":"69ee4c662a579759740238c456651149_12.0.2"},"/Users/mattburgoyne/Desktop/Projects/final-project-websocket-livechat/spec/helpers/enzyme.js":{"path":"/Users/mattburgoyne/Desktop/Projects/final-project-websocket-livechat/spec/helpers/enzyme.js","statementMap":{"0":{"start":{"line":3,"column":21},"end":{"line":3,"column":46}},"1":{"start":{"line":5,"column":22},"end":{"line":5,"column":60}},"2":{"start":{"line":7,"column":14},"end":{"line":7,"column":31}},"3":{"start":{"line":9,"column":26},"end":{"line":9,"column":60}},"4":{"start":{"line":11,"column":27},"end":{"line":11,"column":70}},"5":{"start":{"line":13,"column":39},"end":{"line":13,"column":93}},"6":{"start":{"line":15,"column":0},"end":{"line":15,"column":72}},"7":{"start":{"line":17,"column":0},"end":{"line":19,"column":3}},"8":{"start":{"line":18,"column":2},"end":{"line":18,"column":33}}},"fnMap":{"0":{"name":"_interopRequireDefault","decl":{"start":{"line":13,"column":9},"end":{"line":13,"column":31}},"loc":{"start":{"line":13,"column":37},"end":{"line":13,"column":95}},"line":13},"1":{"name":"(anonymous_1)","decl":{"start":{"line":17,"column":11},"end":{"line":17,"column":12}},"loc":{"start":{"line":17,"column":23},"end":{"line":19,"column":1}},"line":17}},"branchMap":{"0":{"loc":{"start":{"line":13,"column":46},"end":{"line":13,"column":92}},"type":"cond-expr","locations":[{"start":{"line":13,"column":70},"end":{"line":13,"column":73}},{"start":{"line":13,"column":76},"end":{"line":13,"column":92}}],"line":13},"1":{"loc":{"start":{"line":13,"column":46},"end":{"line":13,"column":67}},"type":"binary-expr","locations":[{"start":{"line":13,"column":46},"end":{"line":13,"column":49}},{"start":{"line":13,"column":53},"end":{"line":13,"column":67}}],"line":13}},"s":{"0":1,"1":1,"2":1,"3":1,"4":1,"5":2,"6":1,"7":1,"8":24},"f":{"0":2,"1":24},"b":{"0":[0,2],"1":[2,2]},"_coverageSchema":"d34fc3e6b8297bcde183f5492bcb8fcb36775295","hash":"417128e125297a9255100e1ebaa43ebe05199273","contentHash":"910d2ab449dcb1db3e040e9b46a79127_12.0.2"},"/Users/mattburgoyne/Desktop/Projects/final-project-websocket-livechat/spec/helpers/jsdom.js":{"path":"/Users/mattburgoyne/Desktop/Projects/final-project-websocket-livechat/spec/helpers/jsdom.js","statementMap":{"0":{"start":{"line":3,"column":13},"end":{"line":3,"column":29}},"1":{"start":{"line":5,"column":10},"end":{"line":5,"column":56}},"2":{"start":{"line":6,"column":0},"end":{"line":6,"column":38}},"3":{"start":{"line":7,"column":0},"end":{"line":7,"column":27}},"4":{"start":{"line":8,"column":0},"end":{"line":8,"column":40}}},"fnMap":{},"branchMap":{},"s":{"0":1,"1":1,"2":1,"3":1,"4":1},"f":{},"b":{},"_coverageSchema":"d34fc3e6b8297bcde183f5492bcb8fcb36775295","hash":"89d21bf5ad79209eeadd9d7e8e4a8f734bed0d8d","contentHash":"1e6875aca1aff72da7d0bd32973b0848_12.0.2"},"/Users/mattburgoyne/Desktop/Projects/final-project-websocket-livechat/spec/ChatroomSpec.js":{"path":"/Users/mattburgoyne/Desktop/Projects/final-project-websocket-livechat/spec/ChatroomSpec.js","statementMap":{"0":{"start":{"line":3,"column":13},"end":{"line":3,"column":29}},"1":{"start":{"line":5,"column":14},"end":{"line":5,"column":44}},"2":{"start":{"line":7,"column":16},"end":{"line":7,"column":36}},"3":{"start":{"line":9,"column":17},"end":{"line":9,"column":50}},"4":{"start":{"line":11,"column":14},"end":{"line":11,"column":31}},"5":{"start":{"line":13,"column":16},"end":{"line":13,"column":61}},"6":{"start":{"line":15,"column":17},"end":{"line":15,"column":50}},"7":{"start":{"line":17,"column":39},"end":{"line":17,"column":93}},"8":{"start":{"line":19,"column":0},"end":{"line":74,"column":3}},"9":{"start":{"line":22,"column":2},"end":{"line":30,"column":5}},"10":{"start":{"line":23,"column":4},"end":{"line":23,"column":109}},"11":{"start":{"line":25,"column":4},"end":{"line":28,"column":6}},"12":{"start":{"line":26,"column":6},"end":{"line":26,"column":94}},"13":{"start":{"line":27,"column":6},"end":{"line":27,"column":22}},"14":{"start":{"line":29,"column":4},"end":{"line":29,"column":11}},"15":{"start":{"line":32,"column":2},"end":{"line":36,"column":5}},"16":{"start":{"line":33,"column":17},"end":{"line":33,"column":59}},"17":{"start":{"line":34,"column":4},"end":{"line":34,"column":45}},"18":{"start":{"line":35,"column":4},"end":{"line":35,"column":11}},"19":{"start":{"line":38,"column":2},"end":{"line":42,"column":5}},"20":{"start":{"line":39,"column":17},"end":{"line":39,"column":56}},"21":{"start":{"line":40,"column":4},"end":{"line":40,"column":45}},"22":{"start":{"line":41,"column":4},"end":{"line":41,"column":11}},"23":{"start":{"line":43,"column":2},"end":{"line":47,"column":5}},"24":{"start":{"line":44,"column":17},"end":{"line":44,"column":48}},"25":{"start":{"line":45,"column":4},"end":{"line":45,"column":37}},"26":{"start":{"line":46,"column":4},"end":{"line":46,"column":11}},"27":{"start":{"line":48,"column":2},"end":{"line":52,"column":5}},"28":{"start":{"line":49,"column":17},"end":{"line":49,"column":47}},"29":{"start":{"line":50,"column":4},"end":{"line":50,"column":37}},"30":{"start":{"line":51,"column":4},"end":{"line":51,"column":11}},"31":{"start":{"line":54,"column":2},"end":{"line":58,"column":5}},"32":{"start":{"line":55,"column":17},"end":{"line":55,"column":54}},"33":{"start":{"line":56,"column":4},"end":{"line":56,"column":37}},"34":{"start":{"line":57,"column":4},"end":{"line":57,"column":11}},"35":{"start":{"line":60,"column":2},"end":{"line":64,"column":5}},"36":{"start":{"line":61,"column":17},"end":{"line":61,"column":53}},"37":{"start":{"line":62,"column":4},"end":{"line":62,"column":37}},"38":{"start":{"line":63,"column":4},"end":{"line":63,"column":11}},"39":{"start":{"line":66,"column":2},"end":{"line":73,"column":5}},"40":{"start":{"line":67,"column":18},"end":{"line":67,"column":93}},"41":{"start":{"line":68,"column":4},"end":{"line":68,"column":119}},"42":{"start":{"line":69,"column":17},"end":{"line":69,"column":41}},"43":{"start":{"line":70,"column":17},"end":{"line":70,"column":50}},"44":{"start":{"line":71,"column":4},"end":{"line":71,"column":43}},"45":{"start":{"line":72,"column":4},"end":{"line":72,"column":11}}},"fnMap":{"0":{"name":"_interopRequireDefault","decl":{"start":{"line":17,"column":9},"end":{"line":17,"column":31}},"loc":{"start":{"line":17,"column":37},"end":{"line":17,"column":95}},"line":17},"1":{"name":"(anonymous_1)","decl":{"start":{"line":19,"column":21},"end":{"line":19,"column":22}},"loc":{"start":{"line":19,"column":33},"end":{"line":74,"column":1}},"line":19},"2":{"name":"(anonymous_2)","decl":{"start":{"line":22,"column":13},"end":{"line":22,"column":14}},"loc":{"start":{"line":22,"column":29},"end":{"line":30,"column":3}},"line":22},"3":{"name":"makeChatroom","decl":{"start":{"line":25,"column":28},"end":{"line":25,"column":40}},"loc":{"start":{"line":25,"column":44},"end":{"line":28,"column":5}},"line":25},"4":{"name":"(anonymous_4)","decl":{"start":{"line":32,"column":29},"end":{"line":32,"column":30}},"loc":{"start":{"line":32,"column":45},"end":{"line":36,"column":3}},"line":32},"5":{"name":"(anonymous_5)","decl":{"start":{"line":38,"column":21},"end":{"line":38,"column":22}},"loc":{"start":{"line":38,"column":37},"end":{"line":42,"column":3}},"line":38},"6":{"name":"(anonymous_6)","decl":{"start":{"line":43,"column":32},"end":{"line":43,"column":33}},"loc":{"start":{"line":43,"column":48},"end":{"line":47,"column":3}},"line":43},"7":{"name":"(anonymous_7)","decl":{"start":{"line":48,"column":21},"end":{"line":48,"column":22}},"loc":{"start":{"line":48,"column":37},"end":{"line":52,"column":3}},"line":48},"8":{"name":"(anonymous_8)","decl":{"start":{"line":54,"column":22},"end":{"line":54,"column":23}},"loc":{"start":{"line":54,"column":38},"end":{"line":58,"column":3}},"line":54},"9":{"name":"(anonymous_9)","decl":{"start":{"line":60,"column":23},"end":{"line":60,"column":24}},"loc":{"start":{"line":60,"column":39},"end":{"line":64,"column":3}},"line":60},"10":{"name":"(anonymous_10)","decl":{"start":{"line":66,"column":41},"end":{"line":66,"column":42}},"loc":{"start":{"line":66,"column":57},"end":{"line":73,"column":3}},"line":66}},"branchMap":{"0":{"loc":{"start":{"line":17,"column":46},"end":{"line":17,"column":92}},"type":"cond-expr","locations":[{"start":{"line":17,"column":70},"end":{"line":17,"column":73}},{"start":{"line":17,"column":76},"end":{"line":17,"column":92}}],"line":17},"1":{"loc":{"start":{"line":17,"column":46},"end":{"line":17,"column":67}},"type":"binary-expr","locations":[{"start":{"line":17,"column":46},"end":{"line":17,"column":49}},{"start":{"line":17,"column":53},"end":{"line":17,"column":67}}],"line":17}},"s":{"0":1,"1":1,"2":1,"3":1,"4":1,"5":1,"6":1,"7":3,"8":1,"9":1,"10":7,"11":7,"12":6,"13":6,"14":7,"15":1,"16":1,"17":1,"18":1,"19":1,"20":1,"21":1,"22":1,"23":1,"24":1,"25":1,"26":1,"27":1,"28":1,"29":1,"30":1,"31":1,"32":1,"33":1,"34":1,"35":1,"36":1,"37":1,"38":1,"39":1,"40":1,"41":1,"42":1,"43":1,"44":1,"45":1},"f":{"0":3,"1":1,"2":7,"3":6,"4":1,"5":1,"6":1,"7":1,"8":1,"9":1,"10":1},"b":{"0":[1,2],"1":[3,3]},"_coverageSchema":"d34fc3e6b8297bcde183f5492bcb8fcb36775295","hash":"b285ad2a98a8340e56256219c4fa7eb43ff88fd1","contentHash":"62631fed1d6e07ca85b537ba376e825a_12.0.2"},"/Users/mattburgoyne/Desktop/Projects/final-project-websocket-livechat/src/ChatroomComponents/Chatroom.js":{"path":"/Users/mattburgoyne/Desktop/Projects/final-project-websocket-livechat/src/ChatroomComponents/Chatroom.js","statementMap":{"0":{"start":{"line":3,"column":0},"end":{"line":5,"column":3}},"1":{"start":{"line":7,"column":19},"end":{"line":7,"column":563}},"2":{"start":{"line":7,"column":76},"end":{"line":7,"column":347}},"3":{"start":{"line":7,"column":134},"end":{"line":7,"column":142}},"4":{"start":{"line":7,"column":144},"end":{"line":7,"column":199}},"5":{"start":{"line":7,"column":200},"end":{"line":7,"column":231}},"6":{"start":{"line":7,"column":232},"end":{"line":7,"column":286}},"7":{"start":{"line":7,"column":259},"end":{"line":7,"column":286}},"8":{"start":{"line":7,"column":287},"end":{"line":7,"column":345}},"9":{"start":{"line":7,"column":350},"end":{"line":7,"column":559}},"10":{"start":{"line":7,"column":407},"end":{"line":7,"column":475}},"11":{"start":{"line":7,"column":423},"end":{"line":7,"column":475}},"12":{"start":{"line":7,"column":476},"end":{"line":7,"column":536}},"13":{"start":{"line":7,"column":493},"end":{"line":7,"column":536}},"14":{"start":{"line":7,"column":537},"end":{"line":7,"column":556}},"15":{"start":{"line":9,"column":13},"end":{"line":9,"column":29}},"16":{"start":{"line":11,"column":14},"end":{"line":11,"column":44}},"17":{"start":{"line":13,"column":14},"end":{"line":13,"column":33}},"18":{"start":{"line":15,"column":15},"end":{"line":15,"column":46}},"19":{"start":{"line":17,"column":14},"end":{"line":17,"column":33}},"20":{"start":{"line":19,"column":15},"end":{"line":19,"column":46}},"21":{"start":{"line":21,"column":15},"end":{"line":21,"column":35}},"22":{"start":{"line":23,"column":16},"end":{"line":23,"column":48}},"23":{"start":{"line":25,"column":20},"end":{"line":25,"column":45}},"24":{"start":{"line":27,"column":21},"end":{"line":27,"column":58}},"25":{"start":{"line":29,"column":16},"end":{"line":29,"column":37}},"26":{"start":{"line":31,"column":17},"end":{"line":31,"column":50}},"27":{"start":{"line":33,"column":14},"end":{"line":33,"column":37}},"28":{"start":{"line":35,"column":39},"end":{"line":35,"column":93}},"29":{"start":{"line":37,"column":50},"end":{"line":37,"column":151}},"30":{"start":{"line":37,"column":92},"end":{"line":37,"column":149}},"31":{"start":{"line":39,"column":50},"end":{"line":39,"column":151}},"32":{"start":{"line":39,"column":63},"end":{"line":39,"column":149}},"33":{"start":{"line":39,"column":152},"end":{"line":39,"column":238}},"34":{"start":{"line":41,"column":43},"end":{"line":41,"column":208}},"35":{"start":{"line":41,"column":106},"end":{"line":41,"column":206}},"36":{"start":{"line":41,"column":209},"end":{"line":41,"column":373}},"37":{"start":{"line":41,"column":374},"end":{"line":41,"column":492}},"38":{"start":{"line":41,"column":390},"end":{"line":41,"column":492}},"39":{"start":{"line":43,"column":15},"end":{"line":84,"column":19}},"40":{"start":{"line":44,"column":2},"end":{"line":44,"column":34}},"41":{"start":{"line":47,"column":4},"end":{"line":47,"column":36}},"42":{"start":{"line":49,"column":16},"end":{"line":49,"column":123}},"43":{"start":{"line":51,"column":4},"end":{"line":51,"column":35}},"44":{"start":{"line":52,"column":4},"end":{"line":52,"column":56}},"45":{"start":{"line":53,"column":4},"end":{"line":53,"column":17}},"46":{"start":{"line":56,"column":2},"end":{"line":81,"column":6}},"47":{"start":{"line":59,"column":6},"end":{"line":59,"column":56}},"48":{"start":{"line":64,"column":6},"end":{"line":66,"column":9}},"49":{"start":{"line":65,"column":8},"end":{"line":65,"column":60}},"50":{"start":{"line":71,"column":6},"end":{"line":79,"column":8}},"51":{"start":{"line":83,"column":2},"end":{"line":83,"column":18}},"52":{"start":{"line":86,"column":0},"end":{"line":86,"column":27}}},"fnMap":{"0":{"name":"(anonymous_0)","decl":{"start":{"line":7,"column":19},"end":{"line":7,"column":20}},"loc":{"start":{"line":7,"column":31},"end":{"line":7,"column":561}},"line":7},"1":{"name":"defineProperties","decl":{"start":{"line":7,"column":42},"end":{"line":7,"column":58}},"loc":{"start":{"line":7,"column":74},"end":{"line":7,"column":349}},"line":7},"2":{"name":"(anonymous_2)","decl":{"start":{"line":7,"column":357},"end":{"line":7,"column":358}},"loc":{"start":{"line":7,"column":405},"end":{"line":7,"column":558}},"line":7},"3":{"name":"_interopRequireDefault","decl":{"start":{"line":35,"column":9},"end":{"line":35,"column":31}},"loc":{"start":{"line":35,"column":37},"end":{"line":35,"column":95}},"line":35},"4":{"name":"_classCallCheck","decl":{"start":{"line":37,"column":9},"end":{"line":37,"column":24}},"loc":{"start":{"line":37,"column":48},"end":{"line":37,"column":153}},"line":37},"5":{"name":"_possibleConstructorReturn","decl":{"start":{"line":39,"column":9},"end":{"line":39,"column":35}},"loc":{"start":{"line":39,"column":48},"end":{"line":39,"column":240}},"line":39},"6":{"name":"_inherits","decl":{"start":{"line":41,"column":9},"end":{"line":41,"column":18}},"loc":{"start":{"line":41,"column":41},"end":{"line":41,"column":494}},"line":41},"7":{"name":"(anonymous_7)","decl":{"start":{"line":43,"column":15},"end":{"line":43,"column":16}},"loc":{"start":{"line":43,"column":37},"end":{"line":84,"column":1}},"line":43},"8":{"name":"Chatroom","decl":{"start":{"line":46,"column":11},"end":{"line":46,"column":19}},"loc":{"start":{"line":46,"column":27},"end":{"line":54,"column":3}},"line":46},"9":{"name":"componentDidMount","decl":{"start":{"line":58,"column":20},"end":{"line":58,"column":37}},"loc":{"start":{"line":58,"column":40},"end":{"line":60,"column":5}},"line":58},"10":{"name":"messageAdder","decl":{"start":{"line":63,"column":20},"end":{"line":63,"column":32}},"loc":{"start":{"line":63,"column":38},"end":{"line":67,"column":5}},"line":63},"11":{"name":"(anonymous_11)","decl":{"start":{"line":64,"column":20},"end":{"line":64,"column":21}},"loc":{"start":{"line":64,"column":41},"end":{"line":66,"column":7}},"line":64},"12":{"name":"render","decl":{"start":{"line":70,"column":20},"end":{"line":70,"column":26}},"loc":{"start":{"line":70,"column":29},"end":{"line":80,"column":5}},"line":70}},"branchMap":{"0":{"loc":{"start":{"line":7,"column":168},"end":{"line":7,"column":198}},"type":"binary-expr","locations":[{"start":{"line":7,"column":168},"end":{"line":7,"column":189}},{"start":{"line":7,"column":193},"end":{"line":7,"column":198}}],"line":7},"1":{"loc":{"start":{"line":7,"column":232},"end":{"line":7,"column":286}},"type":"if","locations":[{"start":{"line":7,"column":232},"end":{"line":7,"column":286}},{"start":{"line":7,"column":232},"end":{"line":7,"column":286}}],"line":7},"2":{"loc":{"start":{"line":7,"column":407},"end":{"line":7,"column":475}},"type":"if","locations":[{"start":{"line":7,"column":407},"end":{"line":7,"column":475}},{"start":{"line":7,"column":407},"end":{"line":7,"column":475}}],"line":7},"3":{"loc":{"start":{"line":7,"column":476},"end":{"line":7,"column":536}},"type":"if","locations":[{"start":{"line":7,"column":476},"end":{"line":7,"column":536}},{"start":{"line":7,"column":476},"end":{"line":7,"column":536}}],"line":7},"4":{"loc":{"start":{"line":35,"column":46},"end":{"line":35,"column":92}},"type":"cond-expr","locations":[{"start":{"line":35,"column":70},"end":{"line":35,"column":73}},{"start":{"line":35,"column":76},"end":{"line":35,"column":92}}],"line":35},"5":{"loc":{"start":{"line":35,"column":46},"end":{"line":35,"column":67}},"type":"binary-expr","locations":[{"start":{"line":35,"column":46},"end":{"line":35,"column":49}},{"start":{"line":35,"column":53},"end":{"line":35,"column":67}}],"line":35},"6":{"loc":{"start":{"line":37,"column":50},"end":{"line":37,"column":151}},"type":"if","locations":[{"start":{"line":37,"column":50},"end":{"line":37,"column":151}},{"start":{"line":37,"column":50},"end":{"line":37,"column":151}}],"line":37},"7":{"loc":{"start":{"line":39,"column":50},"end":{"line":39,"column":151}},"type":"if","locations":[{"start":{"line":39,"column":50},"end":{"line":39,"column":151}},{"start":{"line":39,"column":50},"end":{"line":39,"column":151}}],"line":39},"8":{"loc":{"start":{"line":39,"column":159},"end":{"line":39,"column":237}},"type":"cond-expr","locations":[{"start":{"line":39,"column":226},"end":{"line":39,"column":230}},{"start":{"line":39,"column":233},"end":{"line":39,"column":237}}],"line":39},"9":{"loc":{"start":{"line":39,"column":159},"end":{"line":39,"column":223}},"type":"binary-expr","locations":[{"start":{"line":39,"column":159},"end":{"line":39,"column":163}},{"start":{"line":39,"column":168},"end":{"line":39,"column":192}},{"start":{"line":39,"column":196},"end":{"line":39,"column":222}}],"line":39},"10":{"loc":{"start":{"line":41,"column":43},"end":{"line":41,"column":208}},"type":"if","locations":[{"start":{"line":41,"column":43},"end":{"line":41,"column":208}},{"start":{"line":41,"column":43},"end":{"line":41,"column":208}}],"line":41},"11":{"loc":{"start":{"line":41,"column":47},"end":{"line":41,"column":102}},"type":"binary-expr","locations":[{"start":{"line":41,"column":47},"end":{"line":41,"column":79}},{"start":{"line":41,"column":83},"end":{"line":41,"column":102}}],"line":41},"12":{"loc":{"start":{"line":41,"column":244},"end":{"line":41,"column":278}},"type":"binary-expr","locations":[{"start":{"line":41,"column":244},"end":{"line":41,"column":254}},{"start":{"line":41,"column":258},"end":{"line":41,"column":278}}],"line":41},"13":{"loc":{"start":{"line":41,"column":374},"end":{"line":41,"column":492}},"type":"if","locations":[{"start":{"line":41,"column":374},"end":{"line":41,"column":492}},{"start":{"line":41,"column":374},"end":{"line":41,"column":492}}],"line":41},"14":{"loc":{"start":{"line":41,"column":390},"end":{"line":41,"column":491}},"type":"cond-expr","locations":[{"start":{"line":41,"column":414},"end":{"line":41,"column":457}},{"start":{"line":41,"column":460},"end":{"line":41,"column":491}}],"line":41},"15":{"loc":{"start":{"line":49,"column":50},"end":{"line":49,"column":103}},"type":"binary-expr","locations":[{"start":{"line":49,"column":50},"end":{"line":49,"column":68}},{"start":{"line":49,"column":72},"end":{"line":49,"column":103}}],"line":49}},"s":{"0":1,"1":1,"2":1,"3":3,"4":3,"5":3,"6":3,"7":3,"8":3,"9":1,"10":1,"11":1,"12":1,"13":0,"14":1,"15":1,"16":1,"17":1,"18":1,"19":1,"20":1,"21":1,"22":1,"23":1,"24":1,"25":1,"26":1,"27":1,"28":6,"29":7,"30":0,"31":7,"32":0,"33":7,"34":1,"35":0,"36":1,"37":1,"38":1,"39":1,"40":1,"41":7,"42":7,"43":7,"44":7,"45":7,"46":1,"47":7,"48":0,"49":0,"50":8,"51":1,"52":1},"f":{"0":1,"1":1,"2":1,"3":6,"4":7,"5":7,"6":1,"7":1,"8":7,"9":7,"10":0,"11":0,"12":8},"b":{"0":[3,3],"1":[3,0],"2":[1,0],"3":[0,1],"4":[5,1],"5":[6,6],"6":[0,7],"7":[0,7],"8":[0,7],"9":[7,0,0],"10":[0,1],"11":[1,0],"12":[1,1],"13":[1,0],"14":[1,0],"15":[7,0]},"_coverageSchema":"d34fc3e6b8297bcde183f5492bcb8fcb36775295","hash":"d1d1aa02bd09d1dcf5053400e23fa16151aae519","contentHash":"20b8479c0d6a1b8e7b136051a8f7fd5b_12.0.2"},"/Users/mattburgoyne/Desktop/Projects/final-project-websocket-livechat/src/ChatroomComponents/Header.js":{"path":"/Users/mattburgoyne/Desktop/Projects/final-project-websocket-livechat/src/ChatroomComponents/Header.js","statementMap":{"0":{"start":{"line":3,"column":0},"end":{"line":5,"column":3}},"1":{"start":{"line":7,"column":19},"end":{"line":7,"column":563}},"2":{"start":{"line":7,"column":76},"end":{"line":7,"column":347}},"3":{"start":{"line":7,"column":134},"end":{"line":7,"column":142}},"4":{"start":{"line":7,"column":144},"end":{"line":7,"column":199}},"5":{"start":{"line":7,"column":200},"end":{"line":7,"column":231}},"6":{"start":{"line":7,"column":232},"end":{"line":7,"column":286}},"7":{"start":{"line":7,"column":259},"end":{"line":7,"column":286}},"8":{"start":{"line":7,"column":287},"end":{"line":7,"column":345}},"9":{"start":{"line":7,"column":350},"end":{"line":7,"column":559}},"10":{"start":{"line":7,"column":407},"end":{"line":7,"column":475}},"11":{"start":{"line":7,"column":423},"end":{"line":7,"column":475}},"12":{"start":{"line":7,"column":476},"end":{"line":7,"column":536}},"13":{"start":{"line":7,"column":493},"end":{"line":7,"column":536}},"14":{"start":{"line":7,"column":537},"end":{"line":7,"column":556}},"15":{"start":{"line":9,"column":13},"end":{"line":9,"column":29}},"16":{"start":{"line":11,"column":14},"end":{"line":11,"column":44}},"17":{"start":{"line":13,"column":14},"end":{"line":13,"column":37}},"18":{"start":{"line":15,"column":39},"end":{"line":15,"column":93}},"19":{"start":{"line":17,"column":50},"end":{"line":17,"column":151}},"20":{"start":{"line":17,"column":92},"end":{"line":17,"column":149}},"21":{"start":{"line":19,"column":50},"end":{"line":19,"column":151}},"22":{"start":{"line":19,"column":63},"end":{"line":19,"column":149}},"23":{"start":{"line":19,"column":152},"end":{"line":19,"column":238}},"24":{"start":{"line":21,"column":43},"end":{"line":21,"column":208}},"25":{"start":{"line":21,"column":106},"end":{"line":21,"column":206}},"26":{"start":{"line":21,"column":209},"end":{"line":21,"column":373}},"27":{"start":{"line":21,"column":374},"end":{"line":21,"column":492}},"28":{"start":{"line":21,"column":390},"end":{"line":21,"column":492}},"29":{"start":{"line":23,"column":13},"end":{"line":75,"column":19}},"30":{"start":{"line":24,"column":2},"end":{"line":24,"column":32}},"31":{"start":{"line":27,"column":4},"end":{"line":27,"column":34}},"32":{"start":{"line":29,"column":16},"end":{"line":29,"column":119}},"33":{"start":{"line":31,"column":4},"end":{"line":31,"column":50}},"34":{"start":{"line":32,"column":4},"end":{"line":32,"column":17}},"35":{"start":{"line":35,"column":2},"end":{"line":72,"column":6}},"36":{"start":{"line":38,"column":6},"end":{"line":38,"column":47}},"37":{"start":{"line":39,"column":6},"end":{"line":43,"column":7}},"38":{"start":{"line":40,"column":8},"end":{"line":40,"column":83}},"39":{"start":{"line":42,"column":8},"end":{"line":42,"column":56}},"40":{"start":{"line":48,"column":6},"end":{"line":70,"column":8}},"41":{"start":{"line":74,"column":2},"end":{"line":74,"column":16}},"42":{"start":{"line":77,"column":0},"end":{"line":77,"column":25}}},"fnMap":{"0":{"name":"(anonymous_0)","decl":{"start":{"line":7,"column":19},"end":{"line":7,"column":20}},"loc":{"start":{"line":7,"column":31},"end":{"line":7,"column":561}},"line":7},"1":{"name":"defineProperties","decl":{"start":{"line":7,"column":42},"end":{"line":7,"column":58}},"loc":{"start":{"line":7,"column":74},"end":{"line":7,"column":349}},"line":7},"2":{"name":"(anonymous_2)","decl":{"start":{"line":7,"column":357},"end":{"line":7,"column":358}},"loc":{"start":{"line":7,"column":405},"end":{"line":7,"column":558}},"line":7},"3":{"name":"_interopRequireDefault","decl":{"start":{"line":15,"column":9},"end":{"line":15,"column":31}},"loc":{"start":{"line":15,"column":37},"end":{"line":15,"column":95}},"line":15},"4":{"name":"_classCallCheck","decl":{"start":{"line":17,"column":9},"end":{"line":17,"column":24}},"loc":{"start":{"line":17,"column":48},"end":{"line":17,"column":153}},"line":17},"5":{"name":"_possibleConstructorReturn","decl":{"start":{"line":19,"column":9},"end":{"line":19,"column":35}},"loc":{"start":{"line":19,"column":48},"end":{"line":19,"column":240}},"line":19},"6":{"name":"_inherits","decl":{"start":{"line":21,"column":9},"end":{"line":21,"column":18}},"loc":{"start":{"line":21,"column":41},"end":{"line":21,"column":494}},"line":21},"7":{"name":"(anonymous_7)","decl":{"start":{"line":23,"column":13},"end":{"line":23,"column":14}},"loc":{"start":{"line":23,"column":35},"end":{"line":75,"column":1}},"line":23},"8":{"name":"Header","decl":{"start":{"line":26,"column":11},"end":{"line":26,"column":17}},"loc":{"start":{"line":26,"column":25},"end":{"line":33,"column":3}},"line":26},"9":{"name":"leaveRoom","decl":{"start":{"line":37,"column":20},"end":{"line":37,"column":29}},"loc":{"start":{"line":37,"column":37},"end":{"line":44,"column":5}},"line":37},"10":{"name":"render","decl":{"start":{"line":47,"column":20},"end":{"line":47,"column":26}},"loc":{"start":{"line":47,"column":29},"end":{"line":71,"column":5}},"line":47}},"branchMap":{"0":{"loc":{"start":{"line":7,"column":168},"end":{"line":7,"column":198}},"type":"binary-expr","locations":[{"start":{"line":7,"column":168},"end":{"line":7,"column":189}},{"start":{"line":7,"column":193},"end":{"line":7,"column":198}}],"line":7},"1":{"loc":{"start":{"line":7,"column":232},"end":{"line":7,"column":286}},"type":"if","locations":[{"start":{"line":7,"column":232},"end":{"line":7,"column":286}},{"start":{"line":7,"column":232},"end":{"line":7,"column":286}}],"line":7},"2":{"loc":{"start":{"line":7,"column":407},"end":{"line":7,"column":475}},"type":"if","locations":[{"start":{"line":7,"column":407},"end":{"line":7,"column":475}},{"start":{"line":7,"column":407},"end":{"line":7,"column":475}}],"line":7},"3":{"loc":{"start":{"line":7,"column":476},"end":{"line":7,"column":536}},"type":"if","locations":[{"start":{"line":7,"column":476},"end":{"line":7,"column":536}},{"start":{"line":7,"column":476},"end":{"line":7,"column":536}}],"line":7},"4":{"loc":{"start":{"line":15,"column":46},"end":{"line":15,"column":92}},"type":"cond-expr","locations":[{"start":{"line":15,"column":70},"end":{"line":15,"column":73}},{"start":{"line":15,"column":76},"end":{"line":15,"column":92}}],"line":15},"5":{"loc":{"start":{"line":15,"column":46},"end":{"line":15,"column":67}},"type":"binary-expr","locations":[{"start":{"line":15,"column":46},"end":{"line":15,"column":49}},{"start":{"line":15,"column":53},"end":{"line":15,"column":67}}],"line":15},"6":{"loc":{"start":{"line":17,"column":50},"end":{"line":17,"column":151}},"type":"if","locations":[{"start":{"line":17,"column":50},"end":{"line":17,"column":151}},{"start":{"line":17,"column":50},"end":{"line":17,"column":151}}],"line":17},"7":{"loc":{"start":{"line":19,"column":50},"end":{"line":19,"column":151}},"type":"if","locations":[{"start":{"line":19,"column":50},"end":{"line":19,"column":151}},{"start":{"line":19,"column":50},"end":{"line":19,"column":151}}],"line":19},"8":{"loc":{"start":{"line":19,"column":159},"end":{"line":19,"column":237}},"type":"cond-expr","locations":[{"start":{"line":19,"column":226},"end":{"line":19,"column":230}},{"start":{"line":19,"column":233},"end":{"line":19,"column":237}}],"line":19},"9":{"loc":{"start":{"line":19,"column":159},"end":{"line":19,"column":223}},"type":"binary-expr","locations":[{"start":{"line":19,"column":159},"end":{"line":19,"column":163}},{"start":{"line":19,"column":168},"end":{"line":19,"column":192}},{"start":{"line":19,"column":196},"end":{"line":19,"column":222}}],"line":19},"10":{"loc":{"start":{"line":21,"column":43},"end":{"line":21,"column":208}},"type":"if","locations":[{"start":{"line":21,"column":43},"end":{"line":21,"column":208}},{"start":{"line":21,"column":43},"end":{"line":21,"column":208}}],"line":21},"11":{"loc":{"start":{"line":21,"column":47},"end":{"line":21,"column":102}},"type":"binary-expr","locations":[{"start":{"line":21,"column":47},"end":{"line":21,"column":79}},{"start":{"line":21,"column":83},"end":{"line":21,"column":102}}],"line":21},"12":{"loc":{"start":{"line":21,"column":244},"end":{"line":21,"column":278}},"type":"binary-expr","locations":[{"start":{"line":21,"column":244},"end":{"line":21,"column":254}},{"start":{"line":21,"column":258},"end":{"line":21,"column":278}}],"line":21},"13":{"loc":{"start":{"line":21,"column":374},"end":{"line":21,"column":492}},"type":"if","locations":[{"start":{"line":21,"column":374},"end":{"line":21,"column":492}},{"start":{"line":21,"column":374},"end":{"line":21,"column":492}}],"line":21},"14":{"loc":{"start":{"line":21,"column":390},"end":{"line":21,"column":491}},"type":"cond-expr","locations":[{"start":{"line":21,"column":414},"end":{"line":21,"column":457}},{"start":{"line":21,"column":460},"end":{"line":21,"column":491}}],"line":21},"15":{"loc":{"start":{"line":29,"column":50},"end":{"line":29,"column":99}},"type":"binary-expr","locations":[{"start":{"line":29,"column":50},"end":{"line":29,"column":66}},{"start":{"line":29,"column":70},"end":{"line":29,"column":99}}],"line":29},"16":{"loc":{"start":{"line":39,"column":6},"end":{"line":43,"column":7}},"type":"if","locations":[{"start":{"line":39,"column":6},"end":{"line":43,"column":7}},{"start":{"line":39,"column":6},"end":{"line":43,"column":7}}],"line":39}},"s":{"0":1,"1":1,"2":1,"3":2,"4":2,"5":2,"6":2,"7":2,"8":2,"9":1,"10":1,"11":1,"12":1,"13":0,"14":1,"15":1,"16":1,"17":1,"18":1,"19":10,"20":0,"21":10,"22":0,"23":10,"24":1,"25":0,"26":1,"27":1,"28":1,"29":1,"30":1,"31":10,"32":10,"33":10,"34":10,"35":1,"36":0,"37":0,"38":0,"39":0,"40":11,"41":1,"42":1},"f":{"0":1,"1":1,"2":1,"3":1,"4":10,"5":10,"6":1,"7":1,"8":10,"9":0,"10":11},"b":{"0":[2,2],"1":[2,0],"2":[1,0],"3":[0,1],"4":[0,1],"5":[1,1],"6":[0,10],"7":[0,10],"8":[0,10],"9":[10,0,0],"10":[0,1],"11":[1,0],"12":[1,1],"13":[1,0],"14":[1,0],"15":[10,0],"16":[0,0]},"_coverageSchema":"d34fc3e6b8297bcde183f5492bcb8fcb36775295","hash":"e0c14956926f01bb01e6219969e5debc64f25544","contentHash":"b13aba7e7adf087acf179f3e0b8be91c_12.0.2"},"/Users/mattburgoyne/Desktop/Projects/final-project-websocket-livechat/src/client.js":{"path":"/Users/mattburgoyne/Desktop/Projects/final-project-websocket-livechat/src/client.js","statementMap":{"0":{"start":{"line":3,"column":0},"end":{"line":5,"column":3}},"1":{"start":{"line":6,"column":0},"end":{"line":6,"column":117}},"2":{"start":{"line":8,"column":14},"end":{"line":8,"column":41}},"3":{"start":{"line":10,"column":15},"end":{"line":10,"column":46}},"4":{"start":{"line":12,"column":39},"end":{"line":12,"column":93}},"5":{"start":{"line":15,"column":0},"end":{"line":19,"column":1}},"6":{"start":{"line":16,"column":2},"end":{"line":16,"column":103}},"7":{"start":{"line":18,"column":2},"end":{"line":18,"column":75}},"8":{"start":{"line":21,"column":2},"end":{"line":23,"column":5}},"9":{"start":{"line":22,"column":4},"end":{"line":22,"column":19}},"10":{"start":{"line":26,"column":2},"end":{"line":26,"column":34}},"11":{"start":{"line":30,"column":2},"end":{"line":30,"column":30}},"12":{"start":{"line":34,"column":2},"end":{"line":34,"column":33}},"13":{"start":{"line":37,"column":0},"end":{"line":37,"column":34}},"14":{"start":{"line":38,"column":0},"end":{"line":38,"column":46}},"15":{"start":{"line":39,"column":0},"end":{"line":39,"column":32}},"16":{"start":{"line":40,"column":0},"end":{"line":40,"column":28}},"17":{"start":{"line":41,"column":0},"end":{"line":41,"column":24}}},"fnMap":{"0":{"name":"_interopRequireDefault","decl":{"start":{"line":12,"column":9},"end":{"line":12,"column":31}},"loc":{"start":{"line":12,"column":37},"end":{"line":12,"column":95}},"line":12},"1":{"name":"listenForMessages","decl":{"start":{"line":20,"column":9},"end":{"line":20,"column":26}},"loc":{"start":{"line":20,"column":31},"end":{"line":24,"column":1}},"line":20},"2":{"name":"(anonymous_2)","decl":{"start":{"line":21,"column":23},"end":{"line":21,"column":24}},"loc":{"start":{"line":21,"column":38},"end":{"line":23,"column":3}},"line":21},"3":{"name":"joinRoom","decl":{"start":{"line":25,"column":9},"end":{"line":25,"column":17}},"loc":{"start":{"line":25,"column":24},"end":{"line":27,"column":1}},"line":25},"4":{"name":"sendMessage","decl":{"start":{"line":29,"column":9},"end":{"line":29,"column":20}},"loc":{"start":{"line":29,"column":26},"end":{"line":31,"column":1}},"line":29},"5":{"name":"killSocket","decl":{"start":{"line":33,"column":9},"end":{"line":33,"column":19}},"loc":{"start":{"line":33,"column":26},"end":{"line":35,"column":1}},"line":33}},"branchMap":{"0":{"loc":{"start":{"line":12,"column":46},"end":{"line":12,"column":92}},"type":"cond-expr","locations":[{"start":{"line":12,"column":70},"end":{"line":12,"column":73}},{"start":{"line":12,"column":76},"end":{"line":12,"column":92}}],"line":12},"1":{"loc":{"start":{"line":12,"column":46},"end":{"line":12,"column":67}},"type":"binary-expr","locations":[{"start":{"line":12,"column":46},"end":{"line":12,"column":49}},{"start":{"line":12,"column":53},"end":{"line":12,"column":67}}],"line":12},"2":{"loc":{"start":{"line":15,"column":0},"end":{"line":19,"column":1}},"type":"if","locations":[{"start":{"line":15,"column":0},"end":{"line":19,"column":1}},{"start":{"line":15,"column":0},"end":{"line":19,"column":1}}],"line":15}},"s":{"0":1,"1":1,"2":1,"3":1,"4":1,"5":1,"6":0,"7":1,"8":8,"9":0,"10":1,"11":1,"12":1,"13":1,"14":1,"15":1,"16":1,"17":1},"f":{"0":1,"1":8,"2":0,"3":1,"4":1,"5":1},"b":{"0":[0,1],"1":[1,1],"2":[0,1]},"_coverageSchema":"d34fc3e6b8297bcde183f5492bcb8fcb36775295","hash":"0a0621cf6c6f5102c5c59d0fd176814913dffd23","contentHash":"e7bda1ca1a094f7c24087ba80168df37_12.0.2"},"/Users/mattburgoyne/Desktop/Projects/final-project-websocket-livechat/src/ChatroomComponents/Footer.js":{"path":"/Users/mattburgoyne/Desktop/Projects/final-project-websocket-livechat/src/ChatroomComponents/Footer.js","statementMap":{"0":{"start":{"line":3,"column":0},"end":{"line":5,"column":3}},"1":{"start":{"line":7,"column":19},"end":{"line":7,"column":563}},"2":{"start":{"line":7,"column":76},"end":{"line":7,"column":347}},"3":{"start":{"line":7,"column":134},"end":{"line":7,"column":142}},"4":{"start":{"line":7,"column":144},"end":{"line":7,"column":199}},"5":{"start":{"line":7,"column":200},"end":{"line":7,"column":231}},"6":{"start":{"line":7,"column":232},"end":{"line":7,"column":286}},"7":{"start":{"line":7,"column":259},"end":{"line":7,"column":286}},"8":{"start":{"line":7,"column":287},"end":{"line":7,"column":345}},"9":{"start":{"line":7,"column":350},"end":{"line":7,"column":559}},"10":{"start":{"line":7,"column":407},"end":{"line":7,"column":475}},"11":{"start":{"line":7,"column":423},"end":{"line":7,"column":475}},"12":{"start":{"line":7,"column":476},"end":{"line":7,"column":536}},"13":{"start":{"line":7,"column":493},"end":{"line":7,"column":536}},"14":{"start":{"line":7,"column":537},"end":{"line":7,"column":556}},"15":{"start":{"line":9,"column":13},"end":{"line":9,"column":29}},"16":{"start":{"line":11,"column":14},"end":{"line":11,"column":44}},"17":{"start":{"line":13,"column":14},"end":{"line":13,"column":37}},"18":{"start":{"line":15,"column":39},"end":{"line":15,"column":93}},"19":{"start":{"line":17,"column":50},"end":{"line":17,"column":151}},"20":{"start":{"line":17,"column":92},"end":{"line":17,"column":149}},"21":{"start":{"line":19,"column":50},"end":{"line":19,"column":151}},"22":{"start":{"line":19,"column":63},"end":{"line":19,"column":149}},"23":{"start":{"line":19,"column":152},"end":{"line":19,"column":238}},"24":{"start":{"line":21,"column":43},"end":{"line":21,"column":208}},"25":{"start":{"line":21,"column":106},"end":{"line":21,"column":206}},"26":{"start":{"line":21,"column":209},"end":{"line":21,"column":373}},"27":{"start":{"line":21,"column":374},"end":{"line":21,"column":492}},"28":{"start":{"line":21,"column":390},"end":{"line":21,"column":492}},"29":{"start":{"line":23,"column":20},"end":{"line":25,"column":1}},"30":{"start":{"line":24,"column":2},"end":{"line":24,"column":53}},"31":{"start":{"line":26,"column":24},"end":{"line":28,"column":1}},"32":{"start":{"line":27,"column":2},"end":{"line":27,"column":58}},"33":{"start":{"line":30,"column":22},"end":{"line":33,"column":1}},"34":{"start":{"line":31,"column":2},"end":{"line":31,"column":71}},"35":{"start":{"line":32,"column":2},"end":{"line":32,"column":22}},"36":{"start":{"line":35,"column":13},"end":{"line":73,"column":19}},"37":{"start":{"line":36,"column":2},"end":{"line":36,"column":32}},"38":{"start":{"line":39,"column":4},"end":{"line":39,"column":34}},"39":{"start":{"line":41,"column":4},"end":{"line":41,"column":120}},"40":{"start":{"line":44,"column":2},"end":{"line":70,"column":6}},"41":{"start":{"line":47,"column":19},"end":{"line":47,"column":23}},"42":{"start":{"line":49,"column":6},"end":{"line":68,"column":8}},"43":{"start":{"line":63,"column":16},"end":{"line":63,"column":58}},"44":{"start":{"line":72,"column":2},"end":{"line":72,"column":16}},"45":{"start":{"line":75,"column":0},"end":{"line":75,"column":25}}},"fnMap":{"0":{"name":"(anonymous_0)","decl":{"start":{"line":7,"column":19},"end":{"line":7,"column":20}},"loc":{"start":{"line":7,"column":31},"end":{"line":7,"column":561}},"line":7},"1":{"name":"defineProperties","decl":{"start":{"line":7,"column":42},"end":{"line":7,"column":58}},"loc":{"start":{"line":7,"column":74},"end":{"line":7,"column":349}},"line":7},"2":{"name":"(anonymous_2)","decl":{"start":{"line":7,"column":357},"end":{"line":7,"column":358}},"loc":{"start":{"line":7,"column":405},"end":{"line":7,"column":558}},"line":7},"3":{"name":"_interopRequireDefault","decl":{"start":{"line":15,"column":9},"end":{"line":15,"column":31}},"loc":{"start":{"line":15,"column":37},"end":{"line":15,"column":95}},"line":15},"4":{"name":"_classCallCheck","decl":{"start":{"line":17,"column":9},"end":{"line":17,"column":24}},"loc":{"start":{"line":17,"column":48},"end":{"line":17,"column":153}},"line":17},"5":{"name":"_possibleConstructorReturn","decl":{"start":{"line":19,"column":9},"end":{"line":19,"column":35}},"loc":{"start":{"line":19,"column":48},"end":{"line":19,"column":240}},"line":19},"6":{"name":"_inherits","decl":{"start":{"line":21,"column":9},"end":{"line":21,"column":18}},"loc":{"start":{"line":21,"column":41},"end":{"line":21,"column":494}},"line":21},"7":{"name":"messageReader","decl":{"start":{"line":23,"column":29},"end":{"line":23,"column":42}},"loc":{"start":{"line":23,"column":46},"end":{"line":25,"column":1}},"line":23},"8":{"name":"clearMessageField","decl":{"start":{"line":26,"column":33},"end":{"line":26,"column":50}},"loc":{"start":{"line":26,"column":54},"end":{"line":28,"column":1}},"line":26},"9":{"name":"handlePostClick","decl":{"start":{"line":30,"column":31},"end":{"line":30,"column":46}},"loc":{"start":{"line":30,"column":53},"end":{"line":33,"column":1}},"line":30},"10":{"name":"(anonymous_10)","decl":{"start":{"line":35,"column":13},"end":{"line":35,"column":14}},"loc":{"start":{"line":35,"column":35},"end":{"line":73,"column":1}},"line":35},"11":{"name":"Footer","decl":{"start":{"line":38,"column":11},"end":{"line":38,"column":17}},"loc":{"start":{"line":38,"column":20},"end":{"line":42,"column":3}},"line":38},"12":{"name":"render","decl":{"start":{"line":46,"column":20},"end":{"line":46,"column":26}},"loc":{"start":{"line":46,"column":29},"end":{"line":69,"column":5}},"line":46},"13":{"name":"onClick","decl":{"start":{"line":62,"column":32},"end":{"line":62,"column":39}},"loc":{"start":{"line":62,"column":43},"end":{"line":64,"column":15}},"line":62}},"branchMap":{"0":{"loc":{"start":{"line":7,"column":168},"end":{"line":7,"column":198}},"type":"binary-expr","locations":[{"start":{"line":7,"column":168},"end":{"line":7,"column":189}},{"start":{"line":7,"column":193},"end":{"line":7,"column":198}}],"line":7},"1":{"loc":{"start":{"line":7,"column":232},"end":{"line":7,"column":286}},"type":"if","locations":[{"start":{"line":7,"column":232},"end":{"line":7,"column":286}},{"start":{"line":7,"column":232},"end":{"line":7,"column":286}}],"line":7},"2":{"loc":{"start":{"line":7,"column":407},"end":{"line":7,"column":475}},"type":"if","locations":[{"start":{"line":7,"column":407},"end":{"line":7,"column":475}},{"start":{"line":7,"column":407},"end":{"line":7,"column":475}}],"line":7},"3":{"loc":{"start":{"line":7,"column":476},"end":{"line":7,"column":536}},"type":"if","locations":[{"start":{"line":7,"column":476},"end":{"line":7,"column":536}},{"start":{"line":7,"column":476},"end":{"line":7,"column":536}}],"line":7},"4":{"loc":{"start":{"line":15,"column":46},"end":{"line":15,"column":92}},"type":"cond-expr","locations":[{"start":{"line":15,"column":70},"end":{"line":15,"column":73}},{"start":{"line":15,"column":76},"end":{"line":15,"column":92}}],"line":15},"5":{"loc":{"start":{"line":15,"column":46},"end":{"line":15,"column":67}},"type":"binary-expr","locations":[{"start":{"line":15,"column":46},"end":{"line":15,"column":49}},{"start":{"line":15,"column":53},"end":{"line":15,"column":67}}],"line":15},"6":{"loc":{"start":{"line":17,"column":50},"end":{"line":17,"column":151}},"type":"if","locations":[{"start":{"line":17,"column":50},"end":{"line":17,"column":151}},{"start":{"line":17,"column":50},"end":{"line":17,"column":151}}],"line":17},"7":{"loc":{"start":{"line":19,"column":50},"end":{"line":19,"column":151}},"type":"if","locations":[{"start":{"line":19,"column":50},"end":{"line":19,"column":151}},{"start":{"line":19,"column":50},"end":{"line":19,"column":151}}],"line":19},"8":{"loc":{"start":{"line":19,"column":159},"end":{"line":19,"column":237}},"type":"cond-expr","locations":[{"start":{"line":19,"column":226},"end":{"line":19,"column":230}},{"start":{"line":19,"column":233},"end":{"line":19,"column":237}}],"line":19},"9":{"loc":{"start":{"line":19,"column":159},"end":{"line":19,"column":223}},"type":"binary-expr","locations":[{"start":{"line":19,"column":159},"end":{"line":19,"column":163}},{"start":{"line":19,"column":168},"end":{"line":19,"column":192}},{"start":{"line":19,"column":196},"end":{"line":19,"column":222}}],"line":19},"10":{"loc":{"start":{"line":21,"column":43},"end":{"line":21,"column":208}},"type":"if","locations":[{"start":{"line":21,"column":43},"end":{"line":21,"column":208}},{"start":{"line":21,"column":43},"end":{"line":21,"column":208}}],"line":21},"11":{"loc":{"start":{"line":21,"column":47},"end":{"line":21,"column":102}},"type":"binary-expr","locations":[{"start":{"line":21,"column":47},"end":{"line":21,"column":79}},{"start":{"line":21,"column":83},"end":{"line":21,"column":102}}],"line":21},"12":{"loc":{"start":{"line":21,"column":244},"end":{"line":21,"column":278}},"type":"binary-expr","locations":[{"start":{"line":21,"column":244},"end":{"line":21,"column":254}},{"start":{"line":21,"column":258},"end":{"line":21,"column":278}}],"line":21},"13":{"loc":{"start":{"line":21,"column":374},"end":{"line":21,"column":492}},"type":"if","locations":[{"start":{"line":21,"column":374},"end":{"line":21,"column":492}},{"start":{"line":21,"column":374},"end":{"line":21,"column":492}}],"line":21},"14":{"loc":{"start":{"line":21,"column":390},"end":{"line":21,"column":491}},"type":"cond-expr","locations":[{"start":{"line":21,"column":414},"end":{"line":21,"column":457}},{"start":{"line":21,"column":460},"end":{"line":21,"column":491}}],"line":21},"15":{"loc":{"start":{"line":41,"column":45},"end":{"line":41,"column":94}},"type":"binary-expr","locations":[{"start":{"line":41,"column":45},"end":{"line":41,"column":61}},{"start":{"line":41,"column":65},"end":{"line":41,"column":94}}],"line":41}},"s":{"0":1,"1":1,"2":1,"3":1,"4":1,"5":1,"6":1,"7":1,"8":1,"9":1,"10":1,"11":1,"12":1,"13":0,"14":1,"15":1,"16":1,"17":1,"18":1,"19":9,"20":0,"21":9,"22":0,"23":9,"24":1,"25":0,"26":1,"27":1,"28":1,"29":1,"30":0,"31":1,"32":0,"33":1,"34":0,"35":0,"36":1,"37":1,"38":9,"39":9,"40":1,"41":10,"42":10,"43":0,"44":1,"45":1},"f":{"0":1,"1":1,"2":1,"3":1,"4":9,"5":9,"6":1,"7":0,"8":0,"9":0,"10":1,"11":9,"12":10,"13":0},"b":{"0":[1,1],"1":[1,0],"2":[1,0],"3":[0,1],"4":[0,1],"5":[1,1],"6":[0,9],"7":[0,9],"8":[0,9],"9":[9,0,0],"10":[0,1],"11":[1,0],"12":[1,1],"13":[1,0],"14":[1,0],"15":[9,0]},"_coverageSchema":"d34fc3e6b8297bcde183f5492bcb8fcb36775295","hash":"490e702f3045f5ceb6939f86e088daa113074fe9","contentHash":"eb467bf2c366b33a3d1379163d44306f_12.0.2"},"/Users/mattburgoyne/Desktop/Projects/final-project-websocket-livechat/src/ChatroomComponents/Sidebar.js":{"path":"/Users/mattburgoyne/Desktop/Projects/final-project-websocket-livechat/src/ChatroomComponents/Sidebar.js","statementMap":{"0":{"start":{"line":3,"column":0},"end":{"line":5,"column":3}},"1":{"start":{"line":7,"column":19},"end":{"line":7,"column":563}},"2":{"start":{"line":7,"column":76},"end":{"line":7,"column":347}},"3":{"start":{"line":7,"column":134},"end":{"line":7,"column":142}},"4":{"start":{"line":7,"column":144},"end":{"line":7,"column":199}},"5":{"start":{"line":7,"column":200},"end":{"line":7,"column":231}},"6":{"start":{"line":7,"column":232},"end":{"line":7,"column":286}},"7":{"start":{"line":7,"column":259},"end":{"line":7,"column":286}},"8":{"start":{"line":7,"column":287},"end":{"line":7,"column":345}},"9":{"start":{"line":7,"column":350},"end":{"line":7,"column":559}},"10":{"start":{"line":7,"column":407},"end":{"line":7,"column":475}},"11":{"start":{"line":7,"column":423},"end":{"line":7,"column":475}},"12":{"start":{"line":7,"column":476},"end":{"line":7,"column":536}},"13":{"start":{"line":7,"column":493},"end":{"line":7,"column":536}},"14":{"start":{"line":7,"column":537},"end":{"line":7,"column":556}},"15":{"start":{"line":9,"column":13},"end":{"line":9,"column":29}},"16":{"start":{"line":11,"column":14},"end":{"line":11,"column":44}},"17":{"start":{"line":13,"column":39},"end":{"line":13,"column":93}},"18":{"start":{"line":15,"column":50},"end":{"line":15,"column":151}},"19":{"start":{"line":15,"column":92},"end":{"line":15,"column":149}},"20":{"start":{"line":17,"column":50},"end":{"line":17,"column":151}},"21":{"start":{"line":17,"column":63},"end":{"line":17,"column":149}},"22":{"start":{"line":17,"column":152},"end":{"line":17,"column":238}},"23":{"start":{"line":19,"column":43},"end":{"line":19,"column":208}},"24":{"start":{"line":19,"column":106},"end":{"line":19,"column":206}},"25":{"start":{"line":19,"column":209},"end":{"line":19,"column":373}},"26":{"start":{"line":19,"column":374},"end":{"line":19,"column":492}},"27":{"start":{"line":19,"column":390},"end":{"line":19,"column":492}},"28":{"start":{"line":21,"column":14},"end":{"line":38,"column":19}},"29":{"start":{"line":22,"column":2},"end":{"line":22,"column":33}},"30":{"start":{"line":25,"column":4},"end":{"line":25,"column":35}},"31":{"start":{"line":27,"column":4},"end":{"line":27,"column":122}},"32":{"start":{"line":30,"column":2},"end":{"line":35,"column":6}},"33":{"start":{"line":33,"column":6},"end":{"line":33,"column":81}},"34":{"start":{"line":37,"column":2},"end":{"line":37,"column":17}},"35":{"start":{"line":40,"column":0},"end":{"line":40,"column":26}}},"fnMap":{"0":{"name":"(anonymous_0)","decl":{"start":{"line":7,"column":19},"end":{"line":7,"column":20}},"loc":{"start":{"line":7,"column":31},"end":{"line":7,"column":561}},"line":7},"1":{"name":"defineProperties","decl":{"start":{"line":7,"column":42},"end":{"line":7,"column":58}},"loc":{"start":{"line":7,"column":74},"end":{"line":7,"column":349}},"line":7},"2":{"name":"(anonymous_2)","decl":{"start":{"line":7,"column":357},"end":{"line":7,"column":358}},"loc":{"start":{"line":7,"column":405},"end":{"line":7,"column":558}},"line":7},"3":{"name":"_interopRequireDefault","decl":{"start":{"line":13,"column":9},"end":{"line":13,"column":31}},"loc":{"start":{"line":13,"column":37},"end":{"line":13,"column":95}},"line":13},"4":{"name":"_classCallCheck","decl":{"start":{"line":15,"column":9},"end":{"line":15,"column":24}},"loc":{"start":{"line":15,"column":48},"end":{"line":15,"column":153}},"line":15},"5":{"name":"_possibleConstructorReturn","decl":{"start":{"line":17,"column":9},"end":{"line":17,"column":35}},"loc":{"start":{"line":17,"column":48},"end":{"line":17,"column":240}},"line":17},"6":{"name":"_inherits","decl":{"start":{"line":19,"column":9},"end":{"line":19,"column":18}},"loc":{"start":{"line":19,"column":41},"end":{"line":19,"column":494}},"line":19},"7":{"name":"(anonymous_7)","decl":{"start":{"line":21,"column":14},"end":{"line":21,"column":15}},"loc":{"start":{"line":21,"column":36},"end":{"line":38,"column":1}},"line":21},"8":{"name":"Sidebar","decl":{"start":{"line":24,"column":11},"end":{"line":24,"column":18}},"loc":{"start":{"line":24,"column":21},"end":{"line":28,"column":3}},"line":24},"9":{"name":"render","decl":{"start":{"line":32,"column":20},"end":{"line":32,"column":26}},"loc":{"start":{"line":32,"column":29},"end":{"line":34,"column":5}},"line":32}},"branchMap":{"0":{"loc":{"start":{"line":7,"column":168},"end":{"line":7,"column":198}},"type":"binary-expr","locations":[{"start":{"line":7,"column":168},"end":{"line":7,"column":189}},{"start":{"line":7,"column":193},"end":{"line":7,"column":198}}],"line":7},"1":{"loc":{"start":{"line":7,"column":232},"end":{"line":7,"column":286}},"type":"if","locations":[{"start":{"line":7,"column":232},"end":{"line":7,"column":286}},{"start":{"line":7,"column":232},"end":{"line":7,"column":286}}],"line":7},"2":{"loc":{"start":{"line":7,"column":407},"end":{"line":7,"column":475}},"type":"if","locations":[{"start":{"line":7,"column":407},"end":{"line":7,"column":475}},{"start":{"line":7,"column":407},"end":{"line":7,"column":475}}],"line":7},"3":{"loc":{"start":{"line":7,"column":476},"end":{"line":7,"column":536}},"type":"if","locations":[{"start":{"line":7,"column":476},"end":{"line":7,"column":536}},{"start":{"line":7,"column":476},"end":{"line":7,"column":536}}],"line":7},"4":{"loc":{"start":{"line":13,"column":46},"end":{"line":13,"column":92}},"type":"cond-expr","locations":[{"start":{"line":13,"column":70},"end":{"line":13,"column":73}},{"start":{"line":13,"column":76},"end":{"line":13,"column":92}}],"line":13},"5":{"loc":{"start":{"line":13,"column":46},"end":{"line":13,"column":67}},"type":"binary-expr","locations":[{"start":{"line":13,"column":46},"end":{"line":13,"column":49}},{"start":{"line":13,"column":53},"end":{"line":13,"column":67}}],"line":13},"6":{"loc":{"start":{"line":15,"column":50},"end":{"line":15,"column":151}},"type":"if","locations":[{"start":{"line":15,"column":50},"end":{"line":15,"column":151}},{"start":{"line":15,"column":50},"end":{"line":15,"column":151}}],"line":15},"7":{"loc":{"start":{"line":17,"column":50},"end":{"line":17,"column":151}},"type":"if","locations":[{"start":{"line":17,"column":50},"end":{"line":17,"column":151}},{"start":{"line":17,"column":50},"end":{"line":17,"column":151}}],"line":17},"8":{"loc":{"start":{"line":17,"column":159},"end":{"line":17,"column":237}},"type":"cond-expr","locations":[{"start":{"line":17,"column":226},"end":{"line":17,"column":230}},{"start":{"line":17,"column":233},"end":{"line":17,"column":237}}],"line":17},"9":{"loc":{"start":{"line":17,"column":159},"end":{"line":17,"column":223}},"type":"binary-expr","locations":[{"start":{"line":17,"column":159},"end":{"line":17,"column":163}},{"start":{"line":17,"column":168},"end":{"line":17,"column":192}},{"start":{"line":17,"column":196},"end":{"line":17,"column":222}}],"line":17},"10":{"loc":{"start":{"line":19,"column":43},"end":{"line":19,"column":208}},"type":"if","locations":[{"start":{"line":19,"column":43},"end":{"line":19,"column":208}},{"start":{"line":19,"column":43},"end":{"line":19,"column":208}}],"line":19},"11":{"loc":{"start":{"line":19,"column":47},"end":{"line":19,"column":102}},"type":"binary-expr","locations":[{"start":{"line":19,"column":47},"end":{"line":19,"column":79}},{"start":{"line":19,"column":83},"end":{"line":19,"column":102}}],"line":19},"12":{"loc":{"start":{"line":19,"column":244},"end":{"line":19,"column":278}},"type":"binary-expr","locations":[{"start":{"line":19,"column":244},"end":{"line":19,"column":254}},{"start":{"line":19,"column":258},"end":{"line":19,"column":278}}],"line":19},"13":{"loc":{"start":{"line":19,"column":374},"end":{"line":19,"column":492}},"type":"if","locations":[{"start":{"line":19,"column":374},"end":{"line":19,"column":492}},{"start":{"line":19,"column":374},"end":{"line":19,"column":492}}],"line":19},"14":{"loc":{"start":{"line":19,"column":390},"end":{"line":19,"column":491}},"type":"cond-expr","locations":[{"start":{"line":19,"column":414},"end":{"line":19,"column":457}},{"start":{"line":19,"column":460},"end":{"line":19,"column":491}}],"line":19},"15":{"loc":{"start":{"line":27,"column":45},"end":{"line":27,"column":96}},"type":"binary-expr","locations":[{"start":{"line":27,"column":45},"end":{"line":27,"column":62}},{"start":{"line":27,"column":66},"end":{"line":27,"column":96}}],"line":27}},"s":{"0":1,"1":1,"2":1,"3":1,"4":1,"5":1,"6":1,"7":1,"8":1,"9":1,"10":1,"11":1,"12":1,"13":0,"14":1,"15":1,"16":1,"17":1,"18":8,"19":0,"20":8,"21":0,"22":8,"23":1,"24":0,"25":1,"26":1,"27":1,"28":1,"29":1,"30":8,"31":8,"32":1,"33":9,"34":1,"35":1},"f":{"0":1,"1":1,"2":1,"3":1,"4":8,"5":8,"6":1,"7":1,"8":8,"9":9},"b":{"0":[1,1],"1":[1,0],"2":[1,0],"3":[0,1],"4":[0,1],"5":[1,1],"6":[0,8],"7":[0,8],"8":[0,8],"9":[8,0,0],"10":[0,1],"11":[1,0],"12":[1,1],"13":[1,0],"14":[1,0],"15":[8,0]},"_coverageSchema":"d34fc3e6b8297bcde183f5492bcb8fcb36775295","hash":"14e7694b2dccb8d3b741d493432c9649bda108c3","contentHash":"7c0b74c55d6e6a0873f3fd64b45227c3_12.0.2"},"/Users/mattburgoyne/Desktop/Projects/final-project-websocket-livechat/src/ChatroomComponents/MessageBoard.js":{"path":"/Users/mattburgoyne/Desktop/Projects/final-project-websocket-livechat/src/ChatroomComponents/MessageBoard.js","statementMap":{"0":{"start":{"line":3,"column":0},"end":{"line":5,"column":3}},"1":{"start":{"line":7,"column":19},"end":{"line":7,"column":563}},"2":{"start":{"line":7,"column":76},"end":{"line":7,"column":347}},"3":{"start":{"line":7,"column":134},"end":{"line":7,"column":142}},"4":{"start":{"line":7,"column":144},"end":{"line":7,"column":199}},"5":{"start":{"line":7,"column":200},"end":{"line":7,"column":231}},"6":{"start":{"line":7,"column":232},"end":{"line":7,"column":286}},"7":{"start":{"line":7,"column":259},"end":{"line":7,"column":286}},"8":{"start":{"line":7,"column":287},"end":{"line":7,"column":345}},"9":{"start":{"line":7,"column":350},"end":{"line":7,"column":559}},"10":{"start":{"line":7,"column":407},"end":{"line":7,"column":475}},"11":{"start":{"line":7,"column":423},"end":{"line":7,"column":475}},"12":{"start":{"line":7,"column":476},"end":{"line":7,"column":536}},"13":{"start":{"line":7,"column":493},"end":{"line":7,"column":536}},"14":{"start":{"line":7,"column":537},"end":{"line":7,"column":556}},"15":{"start":{"line":9,"column":13},"end":{"line":9,"column":29}},"16":{"start":{"line":11,"column":14},"end":{"line":11,"column":44}},"17":{"start":{"line":13,"column":15},"end":{"line":13,"column":35}},"18":{"start":{"line":15,"column":16},"end":{"line":15,"column":48}},"19":{"start":{"line":17,"column":15},"end":{"line":17,"column":36}},"20":{"start":{"line":19,"column":39},"end":{"line":19,"column":93}},"21":{"start":{"line":21,"column":50},"end":{"line":21,"column":151}},"22":{"start":{"line":21,"column":92},"end":{"line":21,"column":149}},"23":{"start":{"line":23,"column":50},"end":{"line":23,"column":151}},"24":{"start":{"line":23,"column":63},"end":{"line":23,"column":149}},"25":{"start":{"line":23,"column":152},"end":{"line":23,"column":238}},"26":{"start":{"line":25,"column":43},"end":{"line":25,"column":208}},"27":{"start":{"line":25,"column":106},"end":{"line":25,"column":206}},"28":{"start":{"line":25,"column":209},"end":{"line":25,"column":373}},"29":{"start":{"line":25,"column":374},"end":{"line":25,"column":492}},"30":{"start":{"line":25,"column":390},"end":{"line":25,"column":492}},"31":{"start":{"line":27,"column":19},"end":{"line":55,"column":19}},"32":{"start":{"line":28,"column":2},"end":{"line":28,"column":38}},"33":{"start":{"line":31,"column":4},"end":{"line":31,"column":40}},"34":{"start":{"line":33,"column":4},"end":{"line":33,"column":132}},"35":{"start":{"line":36,"column":2},"end":{"line":52,"column":6}},"36":{"start":{"line":39,"column":6},"end":{"line":39,"column":35}},"37":{"start":{"line":44,"column":6},"end":{"line":50,"column":8}},"38":{"start":{"line":48,"column":10},"end":{"line":48,"column":71}},"39":{"start":{"line":54,"column":2},"end":{"line":54,"column":22}},"40":{"start":{"line":57,"column":0},"end":{"line":57,"column":31}}},"fnMap":{"0":{"name":"(anonymous_0)","decl":{"start":{"line":7,"column":19},"end":{"line":7,"column":20}},"loc":{"start":{"line":7,"column":31},"end":{"line":7,"column":561}},"line":7},"1":{"name":"defineProperties","decl":{"start":{"line":7,"column":42},"end":{"line":7,"column":58}},"loc":{"start":{"line":7,"column":74},"end":{"line":7,"column":349}},"line":7},"2":{"name":"(anonymous_2)","decl":{"start":{"line":7,"column":357},"end":{"line":7,"column":358}},"loc":{"start":{"line":7,"column":405},"end":{"line":7,"column":558}},"line":7},"3":{"name":"_interopRequireDefault","decl":{"start":{"line":19,"column":9},"end":{"line":19,"column":31}},"loc":{"start":{"line":19,"column":37},"end":{"line":19,"column":95}},"line":19},"4":{"name":"_classCallCheck","decl":{"start":{"line":21,"column":9},"end":{"line":21,"column":24}},"loc":{"start":{"line":21,"column":48},"end":{"line":21,"column":153}},"line":21},"5":{"name":"_possibleConstructorReturn","decl":{"start":{"line":23,"column":9},"end":{"line":23,"column":35}},"loc":{"start":{"line":23,"column":48},"end":{"line":23,"column":240}},"line":23},"6":{"name":"_inherits","decl":{"start":{"line":25,"column":9},"end":{"line":25,"column":18}},"loc":{"start":{"line":25,"column":41},"end":{"line":25,"column":494}},"line":25},"7":{"name":"(anonymous_7)","decl":{"start":{"line":27,"column":19},"end":{"line":27,"column":20}},"loc":{"start":{"line":27,"column":41},"end":{"line":55,"column":1}},"line":27},"8":{"name":"MessageBoard","decl":{"start":{"line":30,"column":11},"end":{"line":30,"column":23}},"loc":{"start":{"line":30,"column":26},"end":{"line":34,"column":3}},"line":30},"9":{"name":"componentDidUpdate","decl":{"start":{"line":38,"column":20},"end":{"line":38,"column":38}},"loc":{"start":{"line":38,"column":41},"end":{"line":40,"column":5}},"line":38},"10":{"name":"render","decl":{"start":{"line":43,"column":20},"end":{"line":43,"column":26}},"loc":{"start":{"line":43,"column":29},"end":{"line":51,"column":5}},"line":43},"11":{"name":"(anonymous_11)","decl":{"start":{"line":47,"column":35},"end":{"line":47,"column":36}},"loc":{"start":{"line":47,"column":50},"end":{"line":49,"column":9}},"line":47}},"branchMap":{"0":{"loc":{"start":{"line":7,"column":168},"end":{"line":7,"column":198}},"type":"binary-expr","locations":[{"start":{"line":7,"column":168},"end":{"line":7,"column":189}},{"start":{"line":7,"column":193},"end":{"line":7,"column":198}}],"line":7},"1":{"loc":{"start":{"line":7,"column":232},"end":{"line":7,"column":286}},"type":"if","locations":[{"start":{"line":7,"column":232},"end":{"line":7,"column":286}},{"start":{"line":7,"column":232},"end":{"line":7,"column":286}}],"line":7},"2":{"loc":{"start":{"line":7,"column":407},"end":{"line":7,"column":475}},"type":"if","locations":[{"start":{"line":7,"column":407},"end":{"line":7,"column":475}},{"start":{"line":7,"column":407},"end":{"line":7,"column":475}}],"line":7},"3":{"loc":{"start":{"line":7,"column":476},"end":{"line":7,"column":536}},"type":"if","locations":[{"start":{"line":7,"column":476},"end":{"line":7,"column":536}},{"start":{"line":7,"column":476},"end":{"line":7,"column":536}}],"line":7},"4":{"loc":{"start":{"line":19,"column":46},"end":{"line":19,"column":92}},"type":"cond-expr","locations":[{"start":{"line":19,"column":70},"end":{"line":19,"column":73}},{"start":{"line":19,"column":76},"end":{"line":19,"column":92}}],"line":19},"5":{"loc":{"start":{"line":19,"column":46},"end":{"line":19,"column":67}},"type":"binary-expr","locations":[{"start":{"line":19,"column":46},"end":{"line":19,"column":49}},{"start":{"line":19,"column":53},"end":{"line":19,"column":67}}],"line":19},"6":{"loc":{"start":{"line":21,"column":50},"end":{"line":21,"column":151}},"type":"if","locations":[{"start":{"line":21,"column":50},"end":{"line":21,"column":151}},{"start":{"line":21,"column":50},"end":{"line":21,"column":151}}],"line":21},"7":{"loc":{"start":{"line":23,"column":50},"end":{"line":23,"column":151}},"type":"if","locations":[{"start":{"line":23,"column":50},"end":{"line":23,"column":151}},{"start":{"line":23,"column":50},"end":{"line":23,"column":151}}],"line":23},"8":{"loc":{"start":{"line":23,"column":159},"end":{"line":23,"column":237}},"type":"cond-expr","locations":[{"start":{"line":23,"column":226},"end":{"line":23,"column":230}},{"start":{"line":23,"column":233},"end":{"line":23,"column":237}}],"line":23},"9":{"loc":{"start":{"line":23,"column":159},"end":{"line":23,"column":223}},"type":"binary-expr","locations":[{"start":{"line":23,"column":159},"end":{"line":23,"column":163}},{"start":{"line":23,"column":168},"end":{"line":23,"column":192}},{"start":{"line":23,"column":196},"end":{"line":23,"column":222}}],"line":23},"10":{"loc":{"start":{"line":25,"column":43},"end":{"line":25,"column":208}},"type":"if","locations":[{"start":{"line":25,"column":43},"end":{"line":25,"column":208}},{"start":{"line":25,"column":43},"end":{"line":25,"column":208}}],"line":25},"11":{"loc":{"start":{"line":25,"column":47},"end":{"line":25,"column":102}},"type":"binary-expr","locations":[{"start":{"line":25,"column":47},"end":{"line":25,"column":79}},{"start":{"line":25,"column":83},"end":{"line":25,"column":102}}],"line":25},"12":{"loc":{"start":{"line":25,"column":244},"end":{"line":25,"column":278}},"type":"binary-expr","locations":[{"start":{"line":25,"column":244},"end":{"line":25,"column":254}},{"start":{"line":25,"column":258},"end":{"line":25,"column":278}}],"line":25},"13":{"loc":{"start":{"line":25,"column":374},"end":{"line":25,"column":492}},"type":"if","locations":[{"start":{"line":25,"column":374},"end":{"line":25,"column":492}},{"start":{"line":25,"column":374},"end":{"line":25,"column":492}}],"line":25},"14":{"loc":{"start":{"line":25,"column":390},"end":{"line":25,"column":491}},"type":"cond-expr","locations":[{"start":{"line":25,"column":414},"end":{"line":25,"column":457}},{"start":{"line":25,"column":460},"end":{"line":25,"column":491}}],"line":25},"15":{"loc":{"start":{"line":33,"column":45},"end":{"line":33,"column":106}},"type":"binary-expr","locations":[{"start":{"line":33,"column":45},"end":{"line":33,"column":67}},{"start":{"line":33,"column":71},"end":{"line":33,"column":106}}],"line":33}},"s":{"0":1,"1":1,"2":1,"3":2,"4":2,"5":2,"6":2,"7":2,"8":2,"9":1,"10":1,"11":1,"12":1,"13":0,"14":1,"15":1,"16":1,"17":1,"18":1,"19":1,"20":2,"21":9,"22":0,"23":9,"24":0,"25":9,"26":1,"27":0,"28":1,"29":1,"30":1,"31":1,"32":1,"33":9,"34":9,"35":1,"36":1,"37":10,"38":7,"39":1,"40":1},"f":{"0":1,"1":1,"2":1,"3":2,"4":9,"5":9,"6":1,"7":1,"8":9,"9":1,"10":10,"11":7},"b":{"0":[2,2],"1":[2,0],"2":[1,0],"3":[0,1],"4":[1,1],"5":[2,2],"6":[0,9],"7":[0,9],"8":[0,9],"9":[9,0,0],"10":[0,1],"11":[1,0],"12":[1,1],"13":[1,0],"14":[1,0],"15":[9,0]},"_coverageSchema":"d34fc3e6b8297bcde183f5492bcb8fcb36775295","hash":"3a6bd74339e8b7d8a16142a05ee78e33db9fd096","contentHash":"9c2edea705edfc62d11a122e3ee48c25_12.0.2"},"/Users/mattburgoyne/Desktop/Projects/final-project-websocket-livechat/src/ChatroomComponents/Message.js":{"path":"/Users/mattburgoyne/Desktop/Projects/final-project-websocket-livechat/src/ChatroomComponents/Message.js","statementMap":{"0":{"start":{"line":3,"column":0},"end":{"line":5,"column":3}},"1":{"start":{"line":7,"column":19},"end":{"line":7,"column":563}},"2":{"start":{"line":7,"column":76},"end":{"line":7,"column":347}},"3":{"start":{"line":7,"column":134},"end":{"line":7,"column":142}},"4":{"start":{"line":7,"column":144},"end":{"line":7,"column":199}},"5":{"start":{"line":7,"column":200},"end":{"line":7,"column":231}},"6":{"start":{"line":7,"column":232},"end":{"line":7,"column":286}},"7":{"start":{"line":7,"column":259},"end":{"line":7,"column":286}},"8":{"start":{"line":7,"column":287},"end":{"line":7,"column":345}},"9":{"start":{"line":7,"column":350},"end":{"line":7,"column":559}},"10":{"start":{"line":7,"column":407},"end":{"line":7,"column":475}},"11":{"start":{"line":7,"column":423},"end":{"line":7,"column":475}},"12":{"start":{"line":7,"column":476},"end":{"line":7,"column":536}},"13":{"start":{"line":7,"column":493},"end":{"line":7,"column":536}},"14":{"start":{"line":7,"column":537},"end":{"line":7,"column":556}},"15":{"start":{"line":9,"column":13},"end":{"line":9,"column":29}},"16":{"start":{"line":11,"column":14},"end":{"line":11,"column":44}},"17":{"start":{"line":13,"column":39},"end":{"line":13,"column":93}},"18":{"start":{"line":15,"column":50},"end":{"line":15,"column":151}},"19":{"start":{"line":15,"column":92},"end":{"line":15,"column":149}},"20":{"start":{"line":17,"column":50},"end":{"line":17,"column":151}},"21":{"start":{"line":17,"column":63},"end":{"line":17,"column":149}},"22":{"start":{"line":17,"column":152},"end":{"line":17,"column":238}},"23":{"start":{"line":19,"column":43},"end":{"line":19,"column":208}},"24":{"start":{"line":19,"column":106},"end":{"line":19,"column":206}},"25":{"start":{"line":19,"column":209},"end":{"line":19,"column":373}},"26":{"start":{"line":19,"column":374},"end":{"line":19,"column":492}},"27":{"start":{"line":19,"column":390},"end":{"line":19,"column":492}},"28":{"start":{"line":21,"column":14},"end":{"line":51,"column":19}},"29":{"start":{"line":22,"column":2},"end":{"line":22,"column":33}},"30":{"start":{"line":25,"column":4},"end":{"line":25,"column":35}},"31":{"start":{"line":27,"column":4},"end":{"line":27,"column":122}},"32":{"start":{"line":30,"column":2},"end":{"line":48,"column":6}},"33":{"start":{"line":33,"column":6},"end":{"line":46,"column":8}},"34":{"start":{"line":50,"column":2},"end":{"line":50,"column":17}},"35":{"start":{"line":53,"column":0},"end":{"line":53,"column":26}}},"fnMap":{"0":{"name":"(anonymous_0)","decl":{"start":{"line":7,"column":19},"end":{"line":7,"column":20}},"loc":{"start":{"line":7,"column":31},"end":{"line":7,"column":561}},"line":7},"1":{"name":"defineProperties","decl":{"start":{"line":7,"column":42},"end":{"line":7,"column":58}},"loc":{"start":{"line":7,"column":74},"end":{"line":7,"column":349}},"line":7},"2":{"name":"(anonymous_2)","decl":{"start":{"line":7,"column":357},"end":{"line":7,"column":358}},"loc":{"start":{"line":7,"column":405},"end":{"line":7,"column":558}},"line":7},"3":{"name":"_interopRequireDefault","decl":{"start":{"line":13,"column":9},"end":{"line":13,"column":31}},"loc":{"start":{"line":13,"column":37},"end":{"line":13,"column":95}},"line":13},"4":{"name":"_classCallCheck","decl":{"start":{"line":15,"column":9},"end":{"line":15,"column":24}},"loc":{"start":{"line":15,"column":48},"end":{"line":15,"column":153}},"line":15},"5":{"name":"_possibleConstructorReturn","decl":{"start":{"line":17,"column":9},"end":{"line":17,"column":35}},"loc":{"start":{"line":17,"column":48},"end":{"line":17,"column":240}},"line":17},"6":{"name":"_inherits","decl":{"start":{"line":19,"column":9},"end":{"line":19,"column":18}},"loc":{"start":{"line":19,"column":41},"end":{"line":19,"column":494}},"line":19},"7":{"name":"(anonymous_7)","decl":{"start":{"line":21,"column":14},"end":{"line":21,"column":15}},"loc":{"start":{"line":21,"column":36},"end":{"line":51,"column":1}},"line":21},"8":{"name":"Message","decl":{"start":{"line":24,"column":11},"end":{"line":24,"column":18}},"loc":{"start":{"line":24,"column":21},"end":{"line":28,"column":3}},"line":24},"9":{"name":"render","decl":{"start":{"line":32,"column":20},"end":{"line":32,"column":26}},"loc":{"start":{"line":32,"column":29},"end":{"line":47,"column":5}},"line":32}},"branchMap":{"0":{"loc":{"start":{"line":7,"column":168},"end":{"line":7,"column":198}},"type":"binary-expr","locations":[{"start":{"line":7,"column":168},"end":{"line":7,"column":189}},{"start":{"line":7,"column":193},"end":{"line":7,"column":198}}],"line":7},"1":{"loc":{"start":{"line":7,"column":232},"end":{"line":7,"column":286}},"type":"if","locations":[{"start":{"line":7,"column":232},"end":{"line":7,"column":286}},{"start":{"line":7,"column":232},"end":{"line":7,"column":286}}],"line":7},"2":{"loc":{"start":{"line":7,"column":407},"end":{"line":7,"column":475}},"type":"if","locations":[{"start":{"line":7,"column":407},"end":{"line":7,"column":475}},{"start":{"line":7,"column":407},"end":{"line":7,"column":475}}],"line":7},"3":{"loc":{"start":{"line":7,"column":476},"end":{"line":7,"column":536}},"type":"if","locations":[{"start":{"line":7,"column":476},"end":{"line":7,"column":536}},{"start":{"line":7,"column":476},"end":{"line":7,"column":536}}],"line":7},"4":{"loc":{"start":{"line":13,"column":46},"end":{"line":13,"column":92}},"type":"cond-expr","locations":[{"start":{"line":13,"column":70},"end":{"line":13,"column":73}},{"start":{"line":13,"column":76},"end":{"line":13,"column":92}}],"line":13},"5":{"loc":{"start":{"line":13,"column":46},"end":{"line":13,"column":67}},"type":"binary-expr","locations":[{"start":{"line":13,"column":46},"end":{"line":13,"column":49}},{"start":{"line":13,"column":53},"end":{"line":13,"column":67}}],"line":13},"6":{"loc":{"start":{"line":15,"column":50},"end":{"line":15,"column":151}},"type":"if","locations":[{"start":{"line":15,"column":50},"end":{"line":15,"column":151}},{"start":{"line":15,"column":50},"end":{"line":15,"column":151}}],"line":15},"7":{"loc":{"start":{"line":17,"column":50},"end":{"line":17,"column":151}},"type":"if","locations":[{"start":{"line":17,"column":50},"end":{"line":17,"column":151}},{"start":{"line":17,"column":50},"end":{"line":17,"column":151}}],"line":17},"8":{"loc":{"start":{"line":17,"column":159},"end":{"line":17,"column":237}},"type":"cond-expr","locations":[{"start":{"line":17,"column":226},"end":{"line":17,"column":230}},{"start":{"line":17,"column":233},"end":{"line":17,"column":237}}],"line":17},"9":{"loc":{"start":{"line":17,"column":159},"end":{"line":17,"column":223}},"type":"binary-expr","locations":[{"start":{"line":17,"column":159},"end":{"line":17,"column":163}},{"start":{"line":17,"column":168},"end":{"line":17,"column":192}},{"start":{"line":17,"column":196},"end":{"line":17,"column":222}}],"line":17},"10":{"loc":{"start":{"line":19,"column":43},"end":{"line":19,"column":208}},"type":"if","locations":[{"start":{"line":19,"column":43},"end":{"line":19,"column":208}},{"start":{"line":19,"column":43},"end":{"line":19,"column":208}}],"line":19},"11":{"loc":{"start":{"line":19,"column":47},"end":{"line":19,"column":102}},"type":"binary-expr","locations":[{"start":{"line":19,"column":47},"end":{"line":19,"column":79}},{"start":{"line":19,"column":83},"end":{"line":19,"column":102}}],"line":19},"12":{"loc":{"start":{"line":19,"column":244},"end":{"line":19,"column":278}},"type":"binary-expr","locations":[{"start":{"line":19,"column":244},"end":{"line":19,"column":254}},{"start":{"line":19,"column":258},"end":{"line":19,"column":278}}],"line":19},"13":{"loc":{"start":{"line":19,"column":374},"end":{"line":19,"column":492}},"type":"if","locations":[{"start":{"line":19,"column":374},"end":{"line":19,"column":492}},{"start":{"line":19,"column":374},"end":{"line":19,"column":492}}],"line":19},"14":{"loc":{"start":{"line":19,"column":390},"end":{"line":19,"column":491}},"type":"cond-expr","locations":[{"start":{"line":19,"column":414},"end":{"line":19,"column":457}},{"start":{"line":19,"column":460},"end":{"line":19,"column":491}}],"line":19},"15":{"loc":{"start":{"line":27,"column":45},"end":{"line":27,"column":96}},"type":"binary-expr","locations":[{"start":{"line":27,"column":45},"end":{"line":27,"column":62}},{"start":{"line":27,"column":66},"end":{"line":27,"column":96}}],"line":27}},"s":{"0":1,"1":1,"2":1,"3":1,"4":1,"5":1,"6":1,"7":1,"8":1,"9":1,"10":1,"11":1,"12":1,"13":0,"14":1,"15":1,"16":1,"17":1,"18":10,"19":0,"20":10,"21":0,"22":10,"23":1,"24":0,"25":1,"26":1,"27":1,"28":1,"29":1,"30":10,"31":10,"32":1,"33":10,"34":1,"35":1},"f":{"0":1,"1":1,"2":1,"3":1,"4":10,"5":10,"6":1,"7":1,"8":10,"9":10},"b":{"0":[1,1],"1":[1,0],"2":[1,0],"3":[0,1],"4":[0,1],"5":[1,1],"6":[0,10],"7":[0,10],"8":[0,10],"9":[10,0,0],"10":[0,1],"11":[1,0],"12":[1,1],"13":[1,0],"14":[1,0],"15":[10,0]},"_coverageSchema":"d34fc3e6b8297bcde183f5492bcb8fcb36775295","hash":"8c452b29b4220e8ed261bb8817778209fb3641df","contentHash":"615f52e8f8482cf0f3313aaabd18a31a_12.0.2"},"/Users/mattburgoyne/Desktop/Projects/final-project-websocket-livechat/src/helpers.js":{"path":"/Users/mattburgoyne/Desktop/Projects/final-project-websocket-livechat/src/helpers.js","statementMap":{"0":{"start":{"line":3,"column":0},"end":{"line":5,"column":3}},"1":{"start":{"line":7,"column":16},"end":{"line":7,"column":56}},"2":{"start":{"line":8,"column":2},"end":{"line":8,"column":56}},"3":{"start":{"line":8,"column":15},"end":{"line":8,"column":56}},"4":{"start":{"line":11,"column":0},"end":{"line":11,"column":36}}},"fnMap":{"0":{"name":"updateScroll","decl":{"start":{"line":6,"column":9},"end":{"line":6,"column":21}},"loc":{"start":{"line":6,"column":24},"end":{"line":9,"column":1}},"line":6}},"branchMap":{"0":{"loc":{"start":{"line":8,"column":2},"end":{"line":8,"column":56}},"type":"if","locations":[{"start":{"line":8,"column":2},"end":{"line":8,"column":56}},{"start":{"line":8,"column":2},"end":{"line":8,"column":56}}],"line":8}},"s":{"0":1,"1":1,"2":1,"3":0,"4":1},"f":{"0":1},"b":{"0":[0,1]},"_coverageSchema":"d34fc3e6b8297bcde183f5492bcb8fcb36775295","hash":"5196d708a8443878d09574f1721ac350fd264eb8","contentHash":"c58f467d36cc0a3e911e24b7b798e524_12.0.2"},"/Users/mattburgoyne/Desktop/Projects/final-project-websocket-livechat/src/ChatroomComponents/RoomList.js":{"path":"/Users/mattburgoyne/Desktop/Projects/final-project-websocket-livechat/src/ChatroomComponents/RoomList.js","statementMap":{"0":{"start":{"line":3,"column":0},"end":{"line":5,"column":3}},"1":{"start":{"line":7,"column":19},"end":{"line":7,"column":563}},"2":{"start":{"line":7,"column":76},"end":{"line":7,"column":347}},"3":{"start":{"line":7,"column":134},"end":{"line":7,"column":142}},"4":{"start":{"line":7,"column":144},"end":{"line":7,"column":199}},"5":{"start":{"line":7,"column":200},"end":{"line":7,"column":231}},"6":{"start":{"line":7,"column":232},"end":{"line":7,"column":286}},"7":{"start":{"line":7,"column":259},"end":{"line":7,"column":286}},"8":{"start":{"line":7,"column":287},"end":{"line":7,"column":345}},"9":{"start":{"line":7,"column":350},"end":{"line":7,"column":559}},"10":{"start":{"line":7,"column":407},"end":{"line":7,"column":475}},"11":{"start":{"line":7,"column":423},"end":{"line":7,"column":475}},"12":{"start":{"line":7,"column":476},"end":{"line":7,"column":536}},"13":{"start":{"line":7,"column":493},"end":{"line":7,"column":536}},"14":{"start":{"line":7,"column":537},"end":{"line":7,"column":556}},"15":{"start":{"line":9,"column":13},"end":{"line":9,"column":29}},"16":{"start":{"line":11,"column":14},"end":{"line":11,"column":44}},"17":{"start":{"line":13,"column":39},"end":{"line":13,"column":93}},"18":{"start":{"line":15,"column":50},"end":{"line":15,"column":151}},"19":{"start":{"line":15,"column":92},"end":{"line":15,"column":149}},"20":{"start":{"line":17,"column":50},"end":{"line":17,"column":151}},"21":{"start":{"line":17,"column":63},"end":{"line":17,"column":149}},"22":{"start":{"line":17,"column":152},"end":{"line":17,"column":238}},"23":{"start":{"line":19,"column":43},"end":{"line":19,"column":208}},"24":{"start":{"line":19,"column":106},"end":{"line":19,"column":206}},"25":{"start":{"line":19,"column":209},"end":{"line":19,"column":373}},"26":{"start":{"line":19,"column":374},"end":{"line":19,"column":492}},"27":{"start":{"line":19,"column":390},"end":{"line":19,"column":492}},"28":{"start":{"line":21,"column":15},"end":{"line":38,"column":19}},"29":{"start":{"line":22,"column":2},"end":{"line":22,"column":34}},"30":{"start":{"line":25,"column":4},"end":{"line":25,"column":36}},"31":{"start":{"line":27,"column":4},"end":{"line":27,"column":124}},"32":{"start":{"line":30,"column":2},"end":{"line":35,"column":6}},"33":{"start":{"line":33,"column":6},"end":{"line":33,"column":82}},"34":{"start":{"line":37,"column":2},"end":{"line":37,"column":18}},"35":{"start":{"line":40,"column":0},"end":{"line":40,"column":27}}},"fnMap":{"0":{"name":"(anonymous_0)","decl":{"start":{"line":7,"column":19},"end":{"line":7,"column":20}},"loc":{"start":{"line":7,"column":31},"end":{"line":7,"column":561}},"line":7},"1":{"name":"defineProperties","decl":{"start":{"line":7,"column":42},"end":{"line":7,"column":58}},"loc":{"start":{"line":7,"column":74},"end":{"line":7,"column":349}},"line":7},"2":{"name":"(anonymous_2)","decl":{"start":{"line":7,"column":357},"end":{"line":7,"column":358}},"loc":{"start":{"line":7,"column":405},"end":{"line":7,"column":558}},"line":7},"3":{"name":"_interopRequireDefault","decl":{"start":{"line":13,"column":9},"end":{"line":13,"column":31}},"loc":{"start":{"line":13,"column":37},"end":{"line":13,"column":95}},"line":13},"4":{"name":"_classCallCheck","decl":{"start":{"line":15,"column":9},"end":{"line":15,"column":24}},"loc":{"start":{"line":15,"column":48},"end":{"line":15,"column":153}},"line":15},"5":{"name":"_possibleConstructorReturn","decl":{"start":{"line":17,"column":9},"end":{"line":17,"column":35}},"loc":{"start":{"line":17,"column":48},"end":{"line":17,"column":240}},"line":17},"6":{"name":"_inherits","decl":{"start":{"line":19,"column":9},"end":{"line":19,"column":18}},"loc":{"start":{"line":19,"column":41},"end":{"line":19,"column":494}},"line":19},"7":{"name":"(anonymous_7)","decl":{"start":{"line":21,"column":15},"end":{"line":21,"column":16}},"loc":{"start":{"line":21,"c
[...]
t":{"line":17,"column":70},"end":{"line":17,"column":73}},{"start":{"line":17,"column":76},"end":{"line":17,"column":92}}],"line":17},"1":{"loc":{"start":{"line":17,"column":46},"end":{"line":17,"column":67}},"type":"binary-expr","locations":[{"start":{"line":17,"column":46},"end":{"line":17,"column":49}},{"start":{"line":17,"column":53},"end":{"line":17,"column":67}}],"line":17}},"s":{"0":1,"1":1,"2":1,"3":1,"4":1,"5":1,"6":1,"7":3,"8":1,"9":1,"10":3,"11":3,"12":3,"13":3,"14":3,"15":1,"16":1,"17":1,"18":1,"19":1,"20":1,"21":1,"22":1,"23":1,"24":1,"25":1,"26":1,"27":1,"28":1},"f":{"0":3,"1":1,"2":3,"3":3,"4":1,"5":1,"6":1},"b":{"0":[1,2],"1":[3,3]},"_coverageSchema":"d34fc3e6b8297bcde183f5492bcb8fcb36775295","hash":"8139502849391c3eed3644540b54b2f4bec30dce","contentHash":"79e9af6f44177b4466cb79353c8a8dc2_12.0.2"},"/Users/mattburgoyne/Desktop/Projects/final-project-websocket-livechat/spec/MessageBoardSpec.js":{"path":"/Users/mattburgoyne/Desktop/Projects/final-project-websocket-livechat/spec/MessageBoardSpec.js","statementMap":{"0":{"start":{"line":3,"column":13},"end":{"line":3,"column":29}},"1":{"start":{"line":5,"column":14},"end":{"line":5,"column":44}},"2":{"start":{"line":7,"column":16},"end":{"line":7,"column":36}},"3":{"start":{"line":9,"column":17},"end":{"line":9,"column":50}},"4":{"start":{"line":11,"column":14},"end":{"line":11,"column":31}},"5":{"start":{"line":13,"column":20},"end":{"line":13,"column":69}},"6":{"start":{"line":15,"column":21},"end":{"line":15,"column":58}},"7":{"start":{"line":17,"column":39},"end":{"line":17,"column":93}},"8":{"start":{"line":19,"column":0},"end":{"line":41,"column":3}},"9":{"start":{"line":21,"column":2},"end":{"line":28,"column":5}},"10":{"start":{"line":22,"column":4},"end":{"line":22,"column":42}},"11":{"start":{"line":23,"column":4},"end":{"line":26,"column":6}},"12":{"start":{"line":24,"column":6},"end":{"line":24,"column":102}},"13":{"start":{"line":25,"column":6},"end":{"line":25,"column":26}},"14":{"start":{"line":27,"column":4},"end":{"line":27,"column":11}},"15":{"start":{"line":30,"column":2},"end":{"line":34,"column":5}},"16":{"start":{"line":31,"column":17},"end":{"line":31,"column":47}},"17":{"start":{"line":32,"column":4},"end":{"line":32,"column":45}},"18":{"start":{"line":33,"column":4},"end":{"line":33,"column":11}},"19":{"start":{"line":36,"column":2},"end":{"line":40,"column":5}},"20":{"start":{"line":37,"column":17},"end":{"line":37,"column":52}},"21":{"start":{"line":38,"column":4},"end":{"line":38,"column":34}},"22":{"start":{"line":39,"column":4},"end":{"line":39,"column":11}}},"fnMap":{"0":{"name":"_interopRequireDefault","decl":{"start":{"line":17,"column":9},"end":{"line":17,"column":31}},"loc":{"start":{"line":17,"column":37},"end":{"line":17,"column":95}},"line":17},"1":{"name":"(anonymous_1)","decl":{"start":{"line":19,"column":25},"end":{"line":19,"column":26}},"loc":{"start":{"line":19,"column":37},"end":{"line":41,"column":1}},"line":19},"2":{"name":"(anonymous_2)","decl":{"start":{"line":21,"column":13},"end":{"line":21,"column":14}},"loc":{"start":{"line":21,"column":29},"end":{"line":28,"column":3}},"line":21},"3":{"name":"makeMessageBoard","decl":{"start":{"line":23,"column":32},"end":{"line":23,"column":48}},"loc":{"start":{"line":23,"column":52},"end":{"line":26,"column":5}},"line":23},"4":{"name":"(anonymous_4)","decl":{"start":{"line":30,"column":18},"end":{"line":30,"column":19}},"loc":{"start":{"line":30,"column":34},"end":{"line":34,"column":3}},"line":30},"5":{"name":"(anonymous_5)","decl":{"start":{"line":36,"column":25},"end":{"line":36,"column":26}},"loc":{"start":{"line":36,"column":41},"end":{"line":40,"column":3}},"line":36}},"branchMap":{"0":{"loc":{"start":{"line":17,"column":46},"end":{"line":17,"column":92}},"type":"cond-expr","locations":[{"start":{"line":17,"column":70},"end":{"line":17,"column":73}},{"start":{"line":17,"column":76},"end":{"line":17,"column":92}}],"line":17},"1":{"loc":{"start":{"line":17,"column":46},"end":{"line":17,"column":67}},"type":"binary-expr","locations":[{"start":{"line":17,"column":46},"end":{"line":17,"column":49}},{"start":{"line":17,"column":53},"end":{"line":17,"column":67}}],"line":17}},"s":{"0":1,"1":1,"2":1,"3":1,"4":1,"5":1,"6":1,"7":3,"8":1,"9":1,"10":2,"11":2,"12":2,"13":2,"14":2,"15":1,"16":1,"17":1,"18":1,"19":1,"20":1,"21":1,"22":1},"f":{"0":3,"1":1,"2":2,"3":2,"4":1,"5":1},"b":{"0":[1,2],"1":[3,3]},"_coverageSchema":"d34fc3e6b8297bcde183f5492bcb8fcb36775295","hash":"834c66e0d555ff0da0810235b9e8f335f828710b","contentHash":"3f8b39be7509a0199c6394d8dc977950_12.0.2"},"/Users/mattburgoyne/Desktop/Projects/final-project-websocket-livechat/spec/messageSpec.js":{"path":"/Users/mattburgoyne/Desktop/Projects/final-project-websocket-livechat/spec/messageSpec.js","statementMap":{"0":{"start":{"line":3,"column":13},"end":{"line":3,"column":29}},"1":{"start":{"line":5,"column":14},"end":{"line":5,"column":44}},"2":{"start":{"line":7,"column":16},"end":{"line":7,"column":36}},"3":{"start":{"line":9,"column":17},"end":{"line":9,"column":50}},"4":{"start":{"line":11,"column":14},"end":{"line":11,"column":31}},"5":{"start":{"line":13,"column":15},"end":{"line":13,"column":59}},"6":{"start":{"line":15,"column":16},"end":{"line":15,"column":48}},"7":{"start":{"line":17,"column":39},"end":{"line":17,"column":93}},"8":{"start":{"line":21,"column":0},"end":{"line":34,"column":3}},"9":{"start":{"line":22,"column":2},"end":{"line":25,"column":4}},"10":{"start":{"line":26,"column":2},"end":{"line":26,"column":22}},"11":{"start":{"line":27,"column":2},"end":{"line":32,"column":4}},"12":{"start":{"line":28,"column":4},"end":{"line":30,"column":5}},"13":{"start":{"line":29,"column":6},"end":{"line":29,"column":92}},"14":{"start":{"line":31,"column":4},"end":{"line":31,"column":19}},"15":{"start":{"line":33,"column":2},"end":{"line":33,"column":9}},"16":{"start":{"line":36,"column":0},"end":{"line":42,"column":3}},"17":{"start":{"line":37,"column":2},"end":{"line":41,"column":5}},"18":{"start":{"line":38,"column":14},"end":{"line":38,"column":39}},"19":{"start":{"line":39,"column":4},"end":{"line":39,"column":42}},"20":{"start":{"line":40,"column":4},"end":{"line":40,"column":11}},"21":{"start":{"line":44,"column":0},"end":{"line":51,"column":3}},"22":{"start":{"line":45,"column":2},"end":{"line":50,"column":5}},"23":{"start":{"line":46,"column":19},"end":{"line":46,"column":55}},"24":{"start":{"line":47,"column":17},"end":{"line":47,"column":48}},"25":{"start":{"line":48,"column":4},"end":{"line":48,"column":32}},"26":{"start":{"line":49,"column":4},"end":{"line":49,"column":11}},"27":{"start":{"line":53,"column":0},"end":{"line":60,"column":3}},"28":{"start":{"line":54,"column":2},"end":{"line":59,"column":5}},"29":{"start":{"line":55,"column":19},"end":{"line":55,"column":55}},"30":{"start":{"line":56,"column":18},"end":{"line":56,"column":50}},"31":{"start":{"line":57,"column":4},"end":{"line":57,"column":44}},"32":{"start":{"line":58,"column":4},"end":{"line":58,"column":11}}},"fnMap":{"0":{"name":"_interopRequireDefault","decl":{"start":{"line":17,"column":9},"end":{"line":17,"column":31}},"loc":{"start":{"line":17,"column":37},"end":{"line":17,"column":95}},"line":17},"1":{"name":"(anonymous_1)","decl":{"start":{"line":21,"column":11},"end":{"line":21,"column":12}},"loc":{"start":{"line":21,"column":27},"end":{"line":34,"column":1}},"line":21},"2":{"name":"makeMessage","decl":{"start":{"line":27,"column":25},"end":{"line":27,"column":36}},"loc":{"start":{"line":27,"column":40},"end":{"line":32,"column":3}},"line":27},"3":{"name":"(anonymous_3)","decl":{"start":{"line":36,"column":20},"end":{"line":36,"column":21}},"loc":{"start":{"line":36,"column":32},"end":{"line":42,"column":1}},"line":36},"4":{"name":"(anonymous_4)","decl":{"start":{"line":37,"column":29},"end":{"line":37,"column":30}},"loc":{"start":{"line":37,"column":45},"end":{"line":41,"column":3}},"line":37},"5":{"name":"(anonymous_5)","decl":{"start":{"line":44,"column":29},"end":{"line":44,"column":30}},"loc":{"start":{"line":44,"column":41},"end":{"line":51,"column":1}},"line":44},"6":{"name":"(anonymous_6)","decl":{"start":{"line":45,"column":33},"end":{"line":45,"column":34}},"loc":{"start":{"line":45,"column":49},"end":{"line":50,"column":3}},"line":45},"7":{"name":"(anonymous_7)","decl":{"start":{"line":53,"column":30},"end":{"line":53,"column":31}},"loc":{"start":{"line":53,"column":42},"end":{"line":60,"column":1}},"line":53},"8":{"name":"(anonymous_8)","decl":{"start":{"line":54,"column":34},"end":{"line":54,"column":35}},"loc":{"start":{"line":54,"column":50},"end":{"line":59,"column":3}},"line":54}},"branchMap":{"0":{"loc":{"start":{"line":17,"column":46},"end":{"line":17,"column":92}},"type":"cond-expr","locations":[{"start":{"line":17,"column":70},"end":{"line":17,"column":73}},{"start":{"line":17,"column":76},"end":{"line":17,"column":92}}],"line":17},"1":{"loc":{"start":{"line":17,"column":46},"end":{"line":17,"column":67}},"type":"binary-expr","locations":[{"start":{"line":17,"column":46},"end":{"line":17,"column":49}},{"start":{"line":17,"column":53},"end":{"line":17,"column":67}}],"line":17},"2":{"loc":{"start":{"line":28,"column":4},"end":{"line":30,"column":5}},"type":"if","locations":[{"start":{"line":28,"column":4},"end":{"line":30,"column":5}},{"start":{"line":28,"column":4},"end":{"line":30,"column":5}}],"line":28}},"s":{"0":1,"1":1,"2":1,"3":1,"4":1,"5":1,"6":1,"7":3,"8":1,"9":24,"10":24,"11":24,"12":3,"13":3,"14":3,"15":24,"16":1,"17":1,"18":1,"19":1,"20":1,"21":1,"22":1,"23":1,"24":1,"25":1,"26":1,"27":1,"28":1,"29":1,"30":1,"31":1,"32":1},"f":{"0":3,"1":24,"2":3,"3":1,"4":1,"5":1,"6":1,"7":1,"8":1},"b":{"0":[1,2],"1":[3,3],"2":[3,0]},"_coverageSchema":"d34fc3e6b8297bcde183f5492bcb8fcb36775295","hash":"171edee15afa851a7b77a10555fefd3ef23cc2b2","contentHash":"f617671635f178b01f4973fe1933a93c_12.0.2"},"/Users/mattburgoyne/Desktop/Projects/final-project-websocket-livechat/spec/RoomListSpec.js":{"path":"/Users/mattburgoyne/Desktop/Projects/final-project-websocket-livechat/spec/RoomListSpec.js","statementMap":{"0":{"start":{"line":3,"column":13},"end":{"line":3,"column":29}},"1":{"start":{"line":5,"column":14},"end":{"line":5,"column":44}},"2":{"start":{"line":7,"column":16},"end":{"line":7,"column":36}},"3":{"start":{"line":9,"column":17},"end":{"line":9,"column":50}},"4":{"start":{"line":11,"column":14},"end":{"line":11,"column":31}},"5":{"start":{"line":13,"column":16},"end":{"line":13,"column":61}},"6":{"start":{"line":15,"column":17},"end":{"line":15,"column":50}},"7":{"start":{"line":17,"column":39},"end":{"line":17,"column":93}},"8":{"start":{"line":19,"column":0},"end":{"line":34,"column":3}},"9":{"start":{"line":21,"column":2},"end":{"line":28,"column":5}},"10":{"start":{"line":22,"column":4},"end":{"line":22,"column":15}},"11":{"start":{"line":23,"column":4},"end":{"line":26,"column":6}},"12":{"start":{"line":24,"column":6},"end":{"line":24,"column":94}},"13":{"start":{"line":25,"column":6},"end":{"line":25,"column":22}},"14":{"start":{"line":27,"column":4},"end":{"line":27,"column":11}},"15":{"start":{"line":29,"column":2},"end":{"line":33,"column":5}},"16":{"start":{"line":30,"column":17},"end":{"line":30,"column":43}},"17":{"start":{"line":31,"column":4},"end":{"line":31,"column":45}},"18":{"start":{"line":32,"column":4},"end":{"line":32,"column":11}}},"fnMap":{"0":{"name":"_interopRequireDefault","decl":{"start":{"line":17,"column":9},"end":{"line":17,"column":31}},"loc":{"start":{"line":17,"column":37},"end":{"line":17,"column":95}},"line":17},"1":{"name":"(anonymous_1)","decl":{"start":{"line":19,"column":21},"end":{"line":19,"column":22}},"loc":{"start":{"line":19,"column":33},"end":{"line":34,"column":1}},"line":19},"2":{"name":"(anonymous_2)","decl":{"start":{"line":21,"column":13},"end":{"line":21,"column":14}},"loc":{"start":{"line":21,"column":29},"end":{"line":28,"column":3}},"line":21},"3":{"name":"makeroomList","decl":{"start":{"line":23,"column":28},"end":{"line":23,"column":40}},"loc":{"start":{"line":23,"column":44},"end":{"line":26,"column":5}},"line":23},"4":{"name":"(anonymous_4)","decl":{"start":{"line":29,"column":18},"end":{"line":29,"column":19}},"loc":{"start":{"line":29,"column":34},"end":{"line":33,"column":3}},"line":29}},"branchMap":{"0":{"loc":{"start":{"line":17,"column":46},"end":{"line":17,"column":92}},"type":"cond-expr","locations":[{"start":{"line":17,"column":70},"end":{"line":17,"column":73}},{"start":{"line":17,"column":76},"end":{"line":17,"column":92}}],"line":17},"1":{"loc":{"start":{"line":17,"column":46},"end":{"line":17,"column":67}},"type":"binary-expr","locations":[{"start":{"line":17,"column":46},"end":{"line":17,"column":49}},{"start":{"line":17,"column":53},"end":{"line":17,"column":67}}],"line":17}},"s":{"0":1,"1":1,"2":1,"3":1,"4":1,"5":1,"6":1,"7":3,"8":1,"9":1,"10":1,"11":1,"12":1,"13":1,"14":1,"15":1,"16":1,"17":1,"18":1},"f":{"0":3,"1":1,"2":1,"3":1,"4":1},"b":{"0":[1,2],"1":[3,3]},"_coverageSchema":"d34fc3e6b8297bcde183f5492bcb8fcb36775295","hash":"fac79a86d8325b752e0678c65ff71d3caf2e7c91","contentHash":"2e74f1dfe26c543219d0c557902919d6_12.0.2"},"/Users/mattburgoyne/Desktop/Projects/final-project-websocket-livechat/spec/sidebarSpec.js":{"path":"/Users/mattburgoyne/Desktop/Projects/final-project-websocket-livechat/spec/sidebarSpec.js","statementMap":{"0":{"start":{"line":3,"column":13},"end":{"line":3,"column":29}},"1":{"start":{"line":5,"column":14},"end":{"line":5,"column":44}},"2":{"start":{"line":7,"column":16},"end":{"line":7,"column":36}},"3":{"start":{"line":9,"column":17},"end":{"line":9,"column":50}},"4":{"start":{"line":11,"column":14},"end":{"line":11,"column":31}},"5":{"start":{"line":13,"column":15},"end":{"line":13,"column":59}},"6":{"start":{"line":15,"column":16},"end":{"line":15,"column":48}},"7":{"start":{"line":17,"column":39},"end":{"line":17,"column":93}},"8":{"start":{"line":19,"column":0},"end":{"line":34,"column":3}},"9":{"start":{"line":21,"column":2},"end":{"line":28,"column":5}},"10":{"start":{"line":22,"column":4},"end":{"line":22,"column":15}},"11":{"start":{"line":23,"column":4},"end":{"line":26,"column":6}},"12":{"start":{"line":24,"column":6},"end":{"line":24,"column":92}},"13":{"start":{"line":25,"column":6},"end":{"line":25,"column":21}},"14":{"start":{"line":27,"column":4},"end":{"line":27,"column":11}},"15":{"start":{"line":29,"column":2},"end":{"line":33,"column":5}},"16":{"start":{"line":30,"column":17},"end":{"line":30,"column":42}},"17":{"start":{"line":31,"column":4},"end":{"line":31,"column":45}},"18":{"start":{"line":32,"column":4},"end":{"line":32,"column":11}}},"fnMap":{"0":{"name":"_interopRequireDefault","decl":{"start":{"line":17,"column":9},"end":{"line":17,"column":31}},"loc":{"start":{"line":17,"column":37},"end":{"line":17,"column":95}},"line":17},"1":{"name":"(anonymous_1)","decl":{"start":{"line":19,"column":20},"end":{"line":19,"column":21}},"loc":{"start":{"line":19,"column":32},"end":{"line":34,"column":1}},"line":19},"2":{"name":"(anonymous_2)","decl":{"start":{"line":21,"column":13},"end":{"line":21,"column":14}},"loc":{"start":{"line":21,"column":29},"end":{"line":28,"column":3}},"line":21},"3":{"name":"makeSidebar","decl":{"start":{"line":23,"column":27},"end":{"line":23,"column":38}},"loc":{"start":{"line":23,"column":42},"end":{"line":26,"column":5}},"line":23},"4":{"name":"(anonymous_4)","decl":{"start":{"line":29,"column":18},"end":{"line":29,"column":19}},"loc":{"start":{"line":29,"column":34},"end":{"line":33,"column":3}},"line":29}},"branchMap":{"0":{"loc":{"start":{"line":17,"column":46},"end":{"line":17,"column":92}},"type":"cond-expr","locations":[{"start":{"line":17,"column":70},"end":{"line":17,"column":73}},{"start":{"line":17,"column":76},"end":{"line":17,"column":92}}],"line":17},"1":{"loc":{"start":{"line":17,"column":46},"end":{"line":17,"column":67}},"type":"binary-expr","locations":[{"start":{"line":17,"column":46},"end":{"line":17,"column":49}},{"start":{"line":17,"column":53},"end":{"line":17,"column":67}}],"line":17}},"s":{"0":1,"1":1,"2":1,"3":1,"4":1,"5":1,"6":1,"7":3,"8":1,"9":1,"10":1,"11":1,"12":1,"13":1,"14":1,"15":1,"16":1,"17":1,"18":1},"f":{"0":3,"1":1,"2":1,"3":1,"4":1},"b":{"0":[1,2],"1":[3,3]},"_coverageSchema":"d34fc3e6b8297bcde183f5492bcb8fcb36775295","hash":"838f64bc789ae6e3a61908f377c0c37d7492586d","contentHash":"6628ea3094b0c5fb2908ec696608d248_12.0.2"},"/Users/mattburgoyne/Desktop/Projects/final-project-websocket-livechat/server.js":{"path":"/Users/mattburgoyne/Desktop/Projects/final-project-websocket-livechat/server.js","statementMap":{"0":{"start":{"line":3,"column":10},"end":{"line":3,"column":26}},"1":{"start":{"line":4,"column":11},"end":{"line":4,"column":38}},"2":{"start":{"line":5,"column":11},"end":{"line":5,"column":15}},"3":{"start":{"line":6,"column":9},"end":{"line":6,"column":42}},"4":{"start":{"line":7,"column":0},"end":{"line":18,"column":3}},"5":{"start":{"line":8,"column":2},"end":{"line":10,"column":5}},"6":{"start":{"line":9,"column":4},"end":{"line":9,"column":28}},"7":{"start":{"line":11,"column":2},"end":{"line":14,"column":5}},"8":{"start":{"line":12,"column":4},"end":{"line":12,"column":32}},"9":{"start":{"line":13,"column":4},"end":{"line":13,"column":24}},"10":{"start":{"line":15,"column":2},"end":{"line":17,"column":5}},"11":{"start":{"line":16,"column":4},"end":{"line":16,"column":34}},"12":{"start":{"line":19,"column":0},"end":{"line":19,"column":60}},"13":{"start":{"line":20,"column":0},"end":{"line":20,"column":22}}},"fnMap":{"0":{"name":"(anonymous_0)","decl":{"start":{"line":7,"column":28},"end":{"line":7,"column":29}},"loc":{"start":{"line":7,"column":46},"end":{"line":18,"column":1}},"line":7},"1":{"name":"(anonymous_1)","decl":{"start":{"line":8,"column":23},"end":{"line":8,"column":24}},"loc":{"start":{"line":8,"column":38},"end":{"line":10,"column":3}},"line":8},"2":{"name":"(anonymous_2)","decl":{"start":{"line":11,"column":25},"end":{"line":11,"column":26}},"loc":{"start":{"line":11,"column":41},"end":{"line":14,"column":3}},"line":11},"3":{"name":"(anonymous_3)","decl":{"start":{"line":15,"column":26},"end":{"line":15,"column":27}},"loc":{"start":{"line":15,"column":42},"end":{"line":17,"column":3}},"line":15}},"branchMap":{},"s":{"0":1,"1":1,"2":1,"3":1,"4":1,"5":1,"6":1,"7":1,"8":0,"9":0,"10":1,"11":0,"12":1,"13":1},"f":{"0":1,"1":1,"2":0,"3":0},"b":{},"_coverageSchema":"d34fc3e6b8297bcde183f5492bcb8fcb36775295","hash":"10519c50971d9c6b6f879eb8e996c1db4060b5c3","contentHash":"00a3c568ddf2df9b3a7b31e4ea210168_12.0.2"},"/Users/mattburgoyne/Desktop/Projects/final-project-websocket-livechat/app.js":{"path":"/Users/mattburgoyne/Desktop/Projects/final-project-websocket-livechat/app.js","statementMap":{"0":{"start":{"line":3,"column":14},"end":{"line":3,"column":32}},"1":{"start":{"line":4,"column":10},"end":{"line":4,"column":19}},"2":{"start":{"line":6,"column":0},"end":{"line":6,"column":32}},"3":{"start":{"line":7,"column":0},"end":{"line":7,"column":30}},"4":{"start":{"line":9,"column":0},"end":{"line":11,"column":3}},"5":{"start":{"line":10,"column":2},"end":{"line":10,"column":29}},"6":{"start":{"line":13,"column":0},"end":{"line":15,"column":3}},"7":{"start":{"line":14,"column":2},"end":{"line":14,"column":55}},"8":{"start":{"line":17,"column":0},"end":{"line":17,"column":21}}},"fnMap":{"0":{"name":"(anonymous_0)","decl":{"start":{"line":9,"column":13},"end":{"line":9,"column":14}},"loc":{"start":{"line":9,"column":33},"end":{"line":11,"column":1}},"line":9},"1":{"name":"(anonymous_1)","decl":{"start":{"line":13,"column":21},"end":{"line":13,"column":22}},"loc":{"start":{"line":13,"column":41},"end":{"line":15,"column":1}},"line":13}},"branchMap":{},"s":{"0":1,"1":1,"2":1,"3":1,"4":1,"5":0,"6":1,"7":0,"8":1},"f":{"0":0,"1":0},"b":{},"_coverageSchema":"d34fc3e6b8297bcde183f5492bcb8fcb36775295","hash":"7df1efda4ba8b38a19ecfa3dd7e0c23ae849db29","contentHash":"37874487990b91665724f0c606ac6695_12.0.2"}}